
***************
    PASS 61 (tok200)
***************

PAT OUTPUT TREE:

_ROOT [0,3016,0,0,node,un]
   _TEXTZONE [1,56,33,16,node, ("line count" 1) ("func words" 1)]
      Clinton [1,7,0,0,alpha, ("cap" 1) ("unknown" 1)]
      \_ [8,8,0,0,white]
      _noun [9,22,56,65,node, ("cap" 1) ("wordcon" concept:"<name>") ("noun" 1) ("pos num" 1) ("pos" "_noun") ("stem" "administration") ("sem" "administration") ("number" "singular")]
         Administration [9,22,0,0,alpha, ("cap" 1) ("wordcon" concept:"<name>") ("noun" 1) ("pos num" 1) ("pos" "_noun") ("stem" "administration")]
      \_ [23,23,0,0,white]
      _noun [24,32,56,65,node, ("cap" 1) ("wordcon" concept:"<name>") ("noun" 1) ("pos num" 1) ("pos" "_noun") ("stem" "plutonium") ("sem" "plutonium") ("number" "singular")]
         Plutonium [24,32,0,0,alpha, ("cap" 1) ("wordcon" concept:"<name>") ("noun" 1) ("pos num" 1) ("pos" "_noun") ("stem" "plutonium")]
      \_ [33,33,0,0,white]
      _noun [34,39,56,65,node, ("cap" 1) ("wordcon" concept:"<name>") ("noun" 1) ("pos num" 1) ("pos" "_noun") ("stem" "policy") ("sem" "policy") ("number" "singular")]
         Policy [34,39,0,0,alpha, ("cap" 1) ("wordcon" concept:"<name>") ("noun" 1) ("pos num" 1) ("pos" "_noun") ("stem" "policy")]
      \_ [40,40,0,0,white]
      _conj [41,43,51,1101,node, ("stem" "and")]
         and [41,43,0,0,alpha]
      \_ [44,44,0,0,white]
      _noun [45,55,53,2499,node, ("mypos" "NP") ("ne type" "location") ("ne type conf" 95) ("ne" 1) ("sem detail" "north korea") ("stem" "north korea") ("sem" "country")]
         _nounCountry [45,55,53,2499,node]
            North [45,49,0,0,alpha]
            \_ [50,50,0,0,white]
            Korea [51,55,0,0,alpha]
      \n [56,56,0,0,white]
   _TEXTZONE [58,959,33,16,node, ("line count" 16) ("date ref" 1) ("func words" 27)]
      _noun [58,62,40,48,node, ("sem detail" "usa") ("sem" "country") ("ne" 1) ("ne type" "location") ("ne type conf" 95) ("stem" "usa") ("country" "usa")]
         _nounCountry [58,62,40,48,node]
            U [58,58,0,0,alpha]
            . [59,59,0,0,punct]
            S [60,60,0,0,alpha]
            . [61,61,0,0,punct]
            \_ [62,62,0,0,white]
      _noun [63,68,56,65,node, ("wordcon" concept:"<name>") ("noun" 1) ("pos num" 1) ("pos" "_noun") ("stem" "policy") ("sem" "policy") ("number" "singular")]
         policy [63,68,0,0,alpha, ("wordcon" concept:"<name>") ("noun" 1) ("pos num" 1) ("pos" "_noun") ("stem" "policy")]
      \_ [69,69,0,0,white]
      _prep [70,71,51,1067,node, ("stem" "on")]
         on [70,71,0,0,alpha]
      \_ [72,72,0,0,white]
      _det [73,75,51,280,node, ("number" "any") ("stem" "the") ("needs-np" 1)]
         the [73,75,0,0,alpha]
      \_ [76,76,0,0,white]
      use [77,79,0,0,alpha, ("wordcon" concept:"<name>") ("noun" 1) ("verb" 1) ("pos num" 2) ("pos" "_verb") ("stem" "use")]
      \_ [80,80,0,0,white]
      _prep [81,82,51,1067,node, ("stem" "of")]
         of [81,82,0,0,alpha]
      \_ [83,83,0,0,white]
      _noun [84,92,56,65,node, ("wordcon" concept:"<name>") ("noun" 1) ("pos num" 1) ("pos" "_noun") ("stem" "plutonium") ("sem" "plutonium") ("number" "singular")]
         plutonium [84,92,0,0,alpha, ("wordcon" concept:"<name>") ("noun" 1) ("pos num" 1) ("pos" "_noun") ("stem" "plutonium")]
      \_ [93,93,0,0,white]
      _verb [94,96,51,545,node, ("-s" 1) ("stem" "have") ("sem" "have") ("tense" "present") ("mypos" "VBZ")]
         _have [94,96,51,545,node]
            has [94,96,0,0,alpha]
      \_ [97,97,0,0,white]
      _verb [98,105,56,65,node, ("wordcon" concept:"<name>") ("verb" 1) ("pos num" 1) ("pos" "_verb") ("stem" "remain") ("sem" "remain")]
         remained [98,105,0,0,alpha, ("wordcon" concept:"<name>") ("verb" 1) ("pos num" 1) ("pos" "_verb") ("stem" "remain")]
      \n [106,106,0,0,white]
      _adv [107,117,56,65,node, ("wordcon" concept:"<name>") ("adv" 1) ("pos num" 1) ("pos" "_adv") ("stem" "essentially") ("sem" "essentially")]
         essentially [107,117,0,0,alpha, ("wordcon" concept:"<name>") ("adv" 1) ("pos num" 1) ("pos" "_adv") ("stem" "essentially")]
      \_ [118,118,0,0,white]
      _det [119,121,51,280,node, ("number" "any") ("stem" "the") ("needs-np" 1)]
         the [119,121,0,0,alpha]
      \_ [122,122,0,0,white]
      same [123,126,0,0,alpha, ("wordcon" concept:"<name>") ("adj" 1) ("adv" 1) ("pro" 1) ("pos num" 3) ("pos" "_pro") ("stem" "same")]
      \_ [127,127,0,0,white]
      _prep [128,132,51,1067,node, ("stem" "under")]
         under [128,132,0,0,alpha]
      \_ [133,133,0,0,white]
      _det [134,136,51,280,node, ("number" "any") ("stem" "the") ("needs-np" 1)]
         the [134,136,0,0,alpha]
      \_ [137,137,0,0,white]
      Reagan [138,143,0,0,alpha, ("cap" 1) ("unknown" 1)]
      , [144,144,0,0,punct]
      \_ [145,145,0,0,white]
      Bush [146,149,0,0,alpha, ("cap" 1) ("wordcon" concept:"<name>") ("noun" 1) ("verb" 1) ("pos num" 2) ("pos" "_verb") ("stem" "bush")]
      , [150,150,0,0,punct]
      \_ [151,151,0,0,white]
      _conj [152,154,51,1101,node, ("stem" "and")]
         and [152,154,0,0,alpha]
      \_ [155,155,0,0,white]
      Clinton [156,162,0,0,alpha, ("cap" 1) ("unknown" 1)]
      \n [163,163,0,0,white]
      _noun [164,178,56,65,node, ("wordcon" concept:"<name>") ("noun" 1) ("pos num" 1) ("pos" "_noun") ("stem" "administration") ("sem" "administration") ("number" "plural")]
         administrations [164,178,0,0,alpha, ("wordcon" concept:"<name>") ("noun" 1) ("pos num" 1) ("pos" "_noun") ("stem" "administration")]
      _qEOS [179,179,41,185,node]
         : [179,179,0,0,punct]
      \_ [180,180,0,0,white]
      _det [181,183,51,280,node, ("number" "any") ("stem" "the") ("needs-np" 1)]
         the [181,183,0,0,alpha]
      \_ [184,184,0,0,white]
      DPRK [185,188,0,0,alpha, ("cap" 1) ("unknown" 1)]
      \_ [189,189,0,0,white]
      _conj [190,192,51,1101,node, ("stem" "and")]
         and [190,192,0,0,alpha]
      \_ [193,193,0,0,white]
      _noun [194,204,53,2548,node, ("mypos" "NP") ("ne type" "location") ("ne type conf" 95) ("ne" 1) ("sem detail" "south korea") ("stem" "south korea") ("sem" "country")]
         _nounCountry [194,204,53,2548,node]
            South [194,198,0,0,alpha]
            \_ [199,199,0,0,white]
            Korea [200,204,0,0,alpha]
      \_ [205,205,0,0,white]
      _modal [206,209,51,522,node, ("mypos" "MD")]
         must [206,209,0,0,alpha]
      \_ [210,210,0,0,white]
      _verb [211,218,56,65,node, ("wordcon" concept:"<name>") ("verb" 1) ("pos num" 1) ("pos" "_verb") ("stem" "renounce") ("sem" "renounce")]
         renounce [211,218,0,0,alpha, ("wordcon" concept:"<name>") ("verb" 1) ("pos num" 1) ("pos" "_verb") ("stem" "renounce")]
      \_ [219,219,0,0,white]
      _det [220,222,51,338,node, ("number" "plural") ("stem" "all") ("mass-ok" 1)]
         all [220,222,0,0,alpha]
      \n [223,223,0,0,white]
      _noun [224,232,56,65,node, ("wordcon" concept:"<name>") ("noun" 1) ("pos num" 1) ("pos" "_noun") ("stem" "plutonium") ("sem" "plutonium") ("number" "singular")]
         plutonium [224,232,0,0,alpha, ("wordcon" concept:"<name>") ("noun" 1) ("pos num" 1) ("pos" "_noun") ("stem" "plutonium")]
      , [233,233,0,0,punct]
      \_ [234,234,0,0,white]
      _fnword [235,237,51,1143,node, ("mypos" "CC")]
         but [235,237,0,0,alpha]
      \_ [238,238,0,0,white]
      _noun [239,243,53,2678,node, ("sem detail" "japan") ("sem" "country") ("mypos" "NP") ("ne" 1) ("ne type" "location") ("ne type conf" 95) ("stem" "japan")]
         _nounCountry [239,243,53,2678,node]
            Japan [239,243,0,0,alpha, ("sem detail" "japan") ("sem" "country")]
      \_ [244,244,0,0,white]
      _modal [245,247,51,522,node, ("mypos" "MD")]
         can [245,247,0,0,alpha]
      \_ [248,248,0,0,white]
      _verb [249,255,56,65,node, ("wordcon" concept:"<name>") ("verb" 1) ("pos num" 1) ("pos" "_verb") ("stem" "acquire") ("sem" "acquire")]
         acquire [249,255,0,0,alpha, ("wordcon" concept:"<name>") ("verb" 1) ("pos num" 1) ("pos" "_verb") ("stem" "acquire")]
      \_ [256,256,0,0,white]
      _fnword [257,266,51,653,node]
         as [257,258,0,0,alpha, ("mypos" "RB")]
         \_ [259,259,0,0,white]
         much [260,263,0,0,alpha, ("mypos" "JJ")]
         \_ [264,264,0,0,white]
         as [265,266,0,0,alpha, ("mypos" "IN")]
      \_ [267,267,0,0,white]
      _np [268,269,51,135,node, ("mypos" 0) ("ignorepos" 1) ("bracket" 1) ("pro" 1) ("prosubj" 1) ("proobj" 1) ("stem" "it") ("sem" "it")]
         _noun [268,269,51,135,node, ("mypos" "PP")]
            _pro [268,269,51,135,node]
               _proSubj [268,269,51,135,node]
                  _proObj [268,269,51,135,node]
                     it [268,269,0,0,alpha]
      \_ [270,270,0,0,white]
      wants [271,275,0,0,alpha, ("wordcon" concept:"<name>") ("noun" 1) ("verb" 1) ("pos num" 2) ("pos" "_verb") ("stem" "want")]
      \_ [276,276,0,0,white]
      _prep [277,280,51,1067,node, ("stem" "from")]
         from [277,280,0,0,alpha]
      \n [281,281,0,0,white]
      _noun [282,285,40,37,node, ("sem detail" "usa") ("sem" "country") ("ne" 1) ("ne type" "location") ("ne type conf" 95) ("stem" "usa") ("country" "usa")]
         _nounCountry [282,285,40,37,node]
            U [282,282,0,0,alpha]
            . [283,283,0,0,punct]
            S [284,284,0,0,alpha]
            . [285,285,0,0,punct]
      - [286,286,0,0,punct]
      _verb [287,294,56,65,node, ("wordcon" concept:"<name>") ("verb" 1) ("pos num" 1) ("pos" "_verb") ("stem" "supply") ("sem" "supply")]
         supplied [287,294,0,0,alpha, ("wordcon" concept:"<name>") ("verb" 1) ("pos num" 1) ("pos" "_verb") ("stem" "supply")]
      \_ [295,295,0,0,white]
      _adj [296,302,56,65,node, ("wordcon" concept:"<name>") ("adj" 1) ("pos num" 1) ("pos" "_adj") ("stem" "nuclear") ("sem" "nuclear")]
         nuclear [296,302,0,0,alpha, ("wordcon" concept:"<name>") ("adj" 1) ("pos num" 1) ("pos" "_adj") ("stem" "nuclear")]
      \_ [303,303,0,0,white]
      fuel [304,307,0,0,alpha, ("wordcon" concept:"<name>") ("noun" 1) ("verb" 1) ("pos num" 2) ("pos" "_verb") ("stem" "fuel")]
      _qEOS [308,309,41,135,node]
         . [308,308,0,0,punct]
         \_ [309,309,0,0,white]
      _det [310,313,51,306,node, ("number" "singular") ("stem" "this")]
         This [310,313,0,0,alpha]
      \_ [314,314,0,0,white]
      _adj [315,328,56,65,node, ("wordcon" concept:"<name>") ("adj" 1) ("pos num" 1) ("pos" "_adj") ("stem" "discriminatory") ("sem" "discriminatory")]
         discriminatory [315,328,0,0,alpha, ("wordcon" concept:"<name>") ("adj" 1) ("pos num" 1) ("pos" "_adj") ("stem" "discriminatory")]
      \_ [329,329,0,0,white]
      approach [330,337,0,0,alpha, ("wordcon" concept:"<name>") ("noun" 1) ("verb" 1) ("pos num" 2) ("pos" "_verb") ("stem" "approach")]
      \n [338,338,0,0,white]
      _verb [339,341,51,231,node, ("person" "13s") ("number" "singular") ("tense" "past") ("-ed" 1) ("sem" "be") ("stem" "be") ("verb" 1) ("mypos" "VBD")]
         _be [339,341,51,231,node]
            was [339,341,0,0,alpha]
      \_ [342,342,0,0,white]
      _verb [343,352,56,65,node, ("wordcon" concept:"<name>") ("verb" 1) ("pos num" 1) ("pos" "_verb") ("stem" "reiterate") ("sem" "reiterate")]
         reiterated [343,352,0,0,alpha, ("wordcon" concept:"<name>") ("verb" 1) ("pos num" 1) ("pos" "_verb") ("stem" "reiterate")]
      \_ [353,353,0,0,white]
      _prep [354,355,51,1067,node, ("stem" "by")]
         by [354,355,0,0,alpha]
      \_ [356,356,0,0,white]
      _noun [357,365,50,147,node, ("stem" "President") ("ne text" "President") ("ne type" "person") ("ne type conf" 95) ("ne" 1) ("sem" "person title")]
         President [357,365,0,0,alpha]
      \_ [366,366,0,0,white]
      Clinton [367,373,0,0,alpha, ("cap" 1) ("unknown" 1)]
      , [374,374,0,0,punct]
      \_ [375,375,0,0,white]
      _fnword [376,380,51,460,node, ("mypos" "WP$")]
         whose [376,380,0,0,alpha]
      \_ [381,381,0,0,white]
      _noun [382,397,56,65,node, ("wordcon" concept:"<name>") ("noun" 1) ("pos num" 1) ("pos" "_noun") ("stem" "nonproliferation") ("sem" "nonproliferation") ("number" "singular")]
         nonproliferation [382,397,0,0,alpha, ("wordcon" concept:"<name>") ("noun" 1) ("pos num" 1) ("pos" "_noun") ("stem" "nonproliferation")]
      \n [398,398,0,0,white]
      _noun [399,404,56,65,node, ("wordcon" concept:"<name>") ("noun" 1) ("pos num" 1) ("pos" "_noun") ("stem" "policy") ("sem" "policy") ("number" "singular")]
         policy [399,404,0,0,alpha, ("wordcon" concept:"<name>") ("noun" 1) ("pos num" 1) ("pos" "_noun") ("stem" "policy")]
      \_ [405,405,0,0,white]
      states [406,411,0,0,alpha, ("wordcon" concept:"<name>") ("noun" 1) ("verb" 1) ("pos num" 2) ("pos" "_verb") ("stem" "state")]
      , [412,412,0,0,punct]
      \_ [413,413,0,0,white]
      " [414,414,0,0,punct]
      _det [415,417,51,280,node, ("number" "any") ("stem" "the") ("needs-np" 1)]
         The [415,417,0,0,alpha]
      \_ [418,418,0,0,white]
      _noun [419,432,53,2406,node, ("ne type" "location") ("ne type conf" 95) ("ne" 1) ("sem detail" "usa") ("country" "usa") ("stem" "usa") ("sem" "country")]
         _nounCountry [419,432,53,2406,node]
            United [419,424,0,0,alpha]
            \_ [425,425,0,0,white]
            States [426,431,0,0,alpha]
            \_ [432,432,0,0,white]
      _verb [433,436,51,585,node, ("-s" 1) ("sem" "do") ("stem" "do") ("mypos" "VBZ")]
         _do [433,436,51,585,node]
            does [433,436,0,0,alpha]
      \_ [437,437,0,0,white]
      _adv [438,440,51,625,node, ("neg" 1)]
         _neg [438,440,51,625,node]
            not [438,440,0,0,alpha]
      \_ [441,441,0,0,white]
      _verb [442,450,56,65,node, ("wordcon" concept:"<name>") ("verb" 1) ("pos num" 1) ("pos" "_verb") ("stem" "encourage") ("sem" "encourage")]
         encourage [442,450,0,0,alpha, ("wordcon" concept:"<name>") ("verb" 1) ("pos num" 1) ("pos" "_verb") ("stem" "encourage")]
      \_ [451,451,0,0,white]
      _det [452,454,51,280,node, ("number" "any") ("stem" "the") ("needs-np" 1)]
         the [452,454,0,0,alpha]
      \n [455,455,0,0,white]
      _adj [456,460,56,65,node, ("wordcon" concept:"<name>") ("adj" 1) ("pos num" 1) ("pos" "_adj") ("stem" "civil") ("sem" "civil")]
         civil [456,460,0,0,alpha, ("wordcon" concept:"<name>") ("adj" 1) ("pos num" 1) ("pos" "_adj") ("stem" "civil")]
      \_ [461,461,0,0,white]
      use [462,464,0,0,alpha, ("wordcon" concept:"<name>") ("noun" 1) ("verb" 1) ("pos num" 2) ("pos" "_verb") ("stem" "use")]
      \_ [465,465,0,0,white]
      _prep [466,467,51,1067,node, ("stem" "of")]
         of [466,467,0,0,alpha]
      \_ [468,468,0,0,white]
      _noun [469,477,56,65,node, ("wordcon" concept:"<name>") ("noun" 1) ("pos num" 1) ("pos" "_noun") ("stem" "plutonium") ("sem" "plutonium") ("number" "singular")]
         plutonium [469,477,0,0,alpha, ("wordcon" concept:"<name>") ("noun" 1) ("pos num" 1) ("pos" "_noun") ("stem" "plutonium")]
      \_ [478,478,0,0,white]
      _conj [479,481,51,1101,node, ("stem" "and")]
         and [479,481,0,0,alpha]
      , [482,482,0,0,punct]
      \_ [483,483,0,0,white]
      _adv [484,494,56,65,node, ("wordcon" concept:"<name>") ("adv" 1) ("pos num" 1) ("pos" "_adv") ("stem" "accordingly") ("sem" "accordingly")]
         accordingly [484,494,0,0,alpha, ("wordcon" concept:"<name>") ("adv" 1) ("pos num" 1) ("pos" "_adv") ("stem" "accordingly")]
      , [495,495,0,0,punct]
      \_ [496,496,0,0,white]
      _verb [497,500,51,585,node, ("-s" 1) ("sem" "do") ("stem" "do") ("mypos" "VBZ")]
         _do [497,500,51,585,node]
            does [497,500,0,0,alpha]
      \_ [501,501,0,0,white]
      _adv [502,504,51,625,node, ("neg" 1)]
         _neg [502,504,51,625,node]
            not [502,504,0,0,alpha]
      \_ [505,505,0,0,white]
      _pro [506,511,51,164,node, ("pro-reflexive" 1) ("proobj" 1)]
         _proObj [506,511,51,164,node]
            itself [506,511,0,0,alpha]
      \n [512,512,0,0,white]
      _verb [513,518,56,65,node, ("wordcon" concept:"<name>") ("verb" 1) ("pos num" 1) ("pos" "_verb") ("stem" "engage") ("sem" "engage")]
         engage [513,518,0,0,alpha, ("wordcon" concept:"<name>") ("verb" 1) ("pos num" 1) ("pos" "_verb") ("stem" "engage")]
      \_ [519,519,0,0,white]
      _prep [520,521,51,1067,node, ("stem" "in")]
         in [520,521,0,0,alpha]
      \_ [522,522,0,0,white]
      _noun [523,531,56,65,node, ("wordcon" concept:"<name>") ("noun" 1) ("pos num" 1) ("pos" "_noun") ("stem" "plutonium") ("sem" "plutonium") ("number" "singular")]
         plutonium [523,531,0,0,alpha, ("wordcon" concept:"<name>") ("noun" 1) ("pos num" 1) ("pos" "_noun") ("stem" "plutonium")]
      \_ [532,532,0,0,white]
      reprocessing [533,544,0,0,alpha, ("pos num" 2) ("verb" 1) ("noun" 1) ("stem" "reprocess") ("pos" "_noun")]
      \_ [545,545,0,0,white]
      _prep [546,548,51,1067,node, ("stem" "for")]
         for [546,548,0,0,alpha]
      \_ [549,549,0,0,white]
      _fnword [550,555,51,1104,node, ("stem" "either")]
         either [550,555,0,0,alpha]
      \_ [556,556,0,0,white]
      _adj [557,563,56,65,node, ("wordcon" concept:"<name>") ("adj" 1) ("pos num" 1) ("pos" "_adj") ("stem" "nuclear") ("sem" "nuclear")]
         nuclear [557,563,0,0,alpha, ("wordcon" concept:"<name>") ("adj" 1) ("pos num" 1) ("pos" "_adj") ("stem" "nuclear")]
      \_ [564,564,0,0,white]
      power [565,569,0,0,alpha, ("pos_np" "NN") ("wordcon" concept:"<name>") ("noun" 1) ("verb" 1) ("adj" 1) ("pos num" 3) ("pos" "_adj") ("stem" "power")]
      \n [570,570,0,0,white]
      _conj [571,572,51,1101,node, ("stem" "or")]
         or [571,572,0,0,alpha]
      \_ [573,573,0,0,white]
      _adj [574,580,56,65,node, ("wordcon" concept:"<name>") ("adj" 1) ("pos num" 1) ("pos" "_adj") ("stem" "nuclear") ("sem" "nuclear")]
         nuclear [574,580,0,0,alpha, ("wordcon" concept:"<name>") ("adj" 1) ("pos num" 1) ("pos" "_adj") ("stem" "nuclear")]
      \_ [581,581,0,0,white]
      explosive [582,590,0,0,alpha, ("wordcon" concept:"<name>") ("noun" 1) ("adj" 1) ("pos num" 2) ("pos" "_adj") ("stem" "explosive")]
      \_ [591,591,0,0,white]
      purposes [592,599,0,0,alpha, ("wordcon" concept:"<name>") ("noun" 1) ("verb" 1) ("pos num" 2) ("pos" "_verb") ("stem" "purpose")]
      _qEOS [600,601,41,135,node]
         . [600,600,0,0,punct]
         \_ [601,601,0,0,white]
      _det [602,604,51,280,node, ("number" "any") ("stem" "the") ("needs-np" 1)]
         The [602,604,0,0,alpha]
      \_ [605,605,0,0,white]
      _noun [606,618,53,2406,node, ("ne type" "location") ("ne type conf" 95) ("ne" 1) ("sem detail" "usa") ("country" "usa") ("stem" "usa") ("sem" "country")]
         _nounCountry [606,618,53,2406,node]
            United [606,611,0,0,alpha]
            \_ [612,612,0,0,white]
            States [613,618,0,0,alpha]
      , [619,619,0,0,punct]
      \_ [620,620,0,0,white]
      _adv [621,627,51,1173,node, ("stem" "however")]
         _fnword [621,627,51,1173,node]
            however [621,627,0,0,alpha]
      , [628,628,0,0,punct]
      \n [629,629,0,0,white]
      _modal [630,633,51,522,node, ("mypos" "MD")]
         will [630,633,0,0,alpha]
      \_ [634,634,0,0,white]
      _verb [635,642,56,65,node, ("wordcon" concept:"<name>") ("verb" 1) ("pos num" 1) ("pos" "_verb") ("stem" "maintain") ("sem" "maintain")]
         maintain [635,642,0,0,alpha, ("wordcon" concept:"<name>") ("verb" 1) ("pos num" 1) ("pos" "_verb") ("stem" "maintain")]
      \_ [643,643,0,0,white]
      _pro [644,646,51,117,node, ("mypos" "PP$") ("proposs" 1)]
         _proPoss [644,646,51,117,node]
            its [644,646,0,0,alpha]
      \_ [647,647,0,0,white]
      existing [648,655,0,0,alpha, ("wordcon" concept:"<name>") ("verb" 1) ("eventive" 1) ("adj" 1) ("pos num" 2) ("pos" "_adj") ("stem" "exist")]
      \_ [656,656,0,0,white]
      _noun [657,667,56,65,node, ("wordcon" concept:"<name>") ("noun" 1) ("pos num" 1) ("pos" "_noun") ("stem" "commitment") ("sem" "commitment") ("number" "plural")]
         commitments [657,667,0,0,alpha, ("wordcon" concept:"<name>") ("noun" 1) ("pos num" 1) ("pos" "_noun") ("stem" "commitment")]
      \_ [668,668,0,0,white]
      _prep [669,677,51,1096,node, ("stem" "regarding")]
         regarding [669,677,0,0,alpha]
      \_ [678,678,0,0,white]
      _det [679,681,51,280,node, ("number" "any") ("stem" "the") ("needs-np" 1)]
         the [679,681,0,0,alpha]
      \_ [682,682,0,0,white]
      use [683,685,0,0,alpha, ("wordcon" concept:"<name>") ("noun" 1) ("verb" 1) ("pos num" 2) ("pos" "_verb") ("stem" "use")]
      \_ [686,686,0,0,white]
      _prep [687,688,51,1067,node, ("stem" "of")]
         of [687,688,0,0,alpha]
      \n [689,689,0,0,white]
      _noun [690,698,56,65,node, ("wordcon" concept:"<name>") ("noun" 1) ("pos num" 1) ("pos" "_noun") ("stem" "plutonium") ("sem" "plutonium") ("number" "singular")]
         plutonium [690,698,0,0,alpha, ("wordcon" concept:"<name>") ("noun" 1) ("pos num" 1) ("pos" "_noun") ("stem" "plutonium")]
      \_ [699,699,0,0,white]
      _prep [700,701,51,1067,node, ("stem" "in")]
         in [700,701,0,0,alpha]
      \_ [702,702,0,0,white]
      _adj [703,707,56,65,node, ("wordcon" concept:"<name>") ("adj" 1) ("pos num" 1) ("pos" "_adj") ("stem" "civil") ("sem" "civil")]
         civil [703,707,0,0,alpha, ("wordcon" concept:"<name>") ("adj" 1) ("pos num" 1) ("pos" "_adj") ("stem" "civil")]
      \_ [708,708,0,0,white]
      _adj [709,715,56,65,node, ("wordcon" concept:"<name>") ("adj" 1) ("pos num" 1) ("pos" "_adj") ("stem" "nuclear") ("sem" "nuclear")]
         nuclear [709,715,0,0,alpha, ("wordcon" concept:"<name>") ("adj" 1) ("pos num" 1) ("pos" "_adj") ("stem" "nuclear")]
      \_ [716,716,0,0,white]
      programs [717,724,0,0,alpha, ("wordcon" concept:"<name>") ("noun" 1) ("verb" 1) ("pos num" 2) ("pos" "_verb") ("stem" "program")]
      \_ [725,725,0,0,white]
      _prep [726,727,51,1067,node, ("stem" "in")]
         in [726,727,0,0,alpha]
      \_ [728,728,0,0,white]
      Western [729,735,0,0,alpha, ("cap" 1) ("wordcon" concept:"<name>") ("noun" 1) ("adj" 1) ("pos num" 2) ("pos" "_adj") ("stem" "western")]
      \_ [736,736,0,0,white]
      _noun [737,742,53,2678,node, ("sem detail" "europe") ("sem" "country") ("mypos" "NP") ("ne" 1) ("ne type" "location") ("ne type conf" 95) ("stem" "europe")]
         _nounCountry [737,742,53,2678,node]
            Europe [737,742,0,0,alpha, ("sem detail" "europe") ("sem" "country")]
      \_ [743,743,0,0,white]
      _conj [744,746,51,1101,node, ("stem" "and")]
         and [744,746,0,0,alpha]
      \n [747,747,0,0,white]
      _noun [748,752,53,2678,node, ("sem detail" "japan") ("sem" "country") ("mypos" "NP") ("ne" 1) ("ne type" "location") ("ne type conf" 95) ("stem" "japan")]
         _nounCountry [748,752,53,2678,node]
            Japan [748,752,0,0,alpha, ("sem detail" "japan") ("sem" "country")]
      " [753,753,0,0,punct]
      \_ [754,754,0,0,white]
      1341 [755,758,0,0,num, ("mypos" "CD")]
      _qEOS [759,760,41,135,node]
         . [759,759,0,0,punct]
         \_ [760,760,0,0,white]
      ( [761,761,0,0,punct]
      _prep [762,763,51,1067,node, ("stem" "at")]
         At [762,763,0,0,alpha]
      \_ [764,764,0,0,white]
      _det [765,767,51,280,node, ("number" "any") ("stem" "the") ("needs-np" 1)]
         the [765,767,0,0,alpha]
      \_ [768,768,0,0,white]
      same [769,772,0,0,alpha, ("wordcon" concept:"<name>") ("adj" 1) ("adv" 1) ("pro" 1) ("pos num" 3) ("pos" "_pro") ("stem" "same")]
      \_ [773,773,0,0,white]
      time [774,777,0,0,alpha, ("sem" "date") ("wordcon" concept:"<name>") ("noun" 1) ("verb" 1) ("pos num" 2) ("pos" "_verb") ("stem" "time")]
      , [778,778,0,0,punct]
      \_ [779,779,0,0,white]
      _noun [780,784,40,37,node, ("sem detail" "usa") ("sem" "country") ("ne" 1) ("ne type" "location") ("ne type conf" 95) ("stem" "usa") ("country" "usa")]
         _nounCountry [780,784,40,37,node]
            U [780,780,0,0,alpha]
            . [781,781,0,0,punct]
            S [782,782,0,0,alpha]
            . [783,783,0,0,punct]
            \_ [784,784,0,0,white]
      _noun [785,790,56,65,node, ("cap" 1) ("wordcon" concept:"<name>") ("noun" 1) ("pos num" 1) ("pos" "_noun") ("stem" "energy") ("sem" "energy") ("number" "singular")]
         Energy [785,790,0,0,alpha, ("cap" 1) ("wordcon" concept:"<name>") ("noun" 1) ("pos num" 1) ("pos" "_noun") ("stem" "energy")]
      \_ [791,791,0,0,white]
      _noun [792,800,50,147,node, ("stem" "Secretary") ("ne text" "Secretary") ("ne type" "person") ("ne type conf" 95) ("ne" 1) ("sem" "person title")]
         Secretary [792,800,0,0,alpha]
      \_ [801,801,0,0,white]
      Hazel [802,806,0,0,alpha, ("cap" 1) ("wordcon" concept:"<name>") ("noun" 1) ("adj" 1) ("pos num" 2) ("pos" "_adj") ("stem" "hazel")]
      \n [807,807,0,0,white]
      _noun [808,808,43,109,node, ("cap" 1) ("mypos" "NP")]
         _letabbr [808,808,43,109,node]
            O [808,808,0,0,alpha]
      _adj [810,814,56,65,node, ("cap" 1) ("wordcon" concept:"<name>") ("adj" 1) ("pos num" 1) ("pos" "_adj") ("stem" "leary") ("sem" "leary")]
         Leary [810,814,0,0,alpha, ("cap" 1) ("wordcon" concept:"<name>") ("adj" 1) ("pos num" 1) ("pos" "_adj") ("stem" "leary")]
      \_ [815,815,0,0,white]
      _verb [816,818,51,545,node, ("-s" 1) ("stem" "have") ("sem" "have") ("tense" "present") ("mypos" "VBZ")]
         _have [816,818,51,545,node]
            has [816,818,0,0,alpha]
      \_ [819,819,0,0,white]
      _verb [820,827,56,65,node, ("wordcon" concept:"<name>") ("verb" 1) ("pos num" 1) ("pos" "_verb") ("stem" "launch") ("sem" "launch")]
         launched [820,827,0,0,alpha, ("wordcon" concept:"<name>") ("verb" 1) ("pos num" 1) ("pos" "_verb") ("stem" "launch")]
      \_ [828,828,0,0,white]
      _det [829,830,51,297,node, ("number" "singular") ("needs-np" 1) ("stem" "an")]
         an [829,830,0,0,alpha]
      \_ [831,831,0,0,white]
      initiative [832,841,0,0,alpha, ("wordcon" concept:"<name>") ("noun" 1) ("adj" 1) ("pos num" 2) ("pos" "_adj") ("stem" "initiative")]
      \_ [842,842,0,0,white]
      _prep [843,844,51,1056,node, ("stem" "to") ("mypos" "TO")]
         to [843,844,0,0,alpha]
      \_ [845,845,0,0,white]
      _verb [846,852,56,65,node, ("wordcon" concept:"<name>") ("verb" 1) ("pos num" 1) ("pos" "_verb") ("stem" "explore") ("sem" "explore")]
         explore [846,852,0,0,alpha, ("wordcon" concept:"<name>") ("verb" 1) ("pos num" 1) ("pos" "_verb") ("stem" "explore")]
      \_ [853,853,0,0,white]
      _noun [854,865,56,65,node, ("wordcon" concept:"<name>") ("noun" 1) ("pos num" 1) ("pos" "_noun") ("stem" "alternative") ("sem" "alternative") ("number" "plural")]
         alternatives [854,865,0,0,alpha, ("wordcon" concept:"<name>") ("noun" 1) ("pos num" 1) ("pos" "_noun") ("stem" "alternative")]
      \n [866,866,0,0,white]
      _prep [867,868,51,1056,node, ("stem" "to") ("mypos" "TO")]
         to [867,868,0,0,alpha]
      \_ [869,869,0,0,white]
      reprocessing [870,881,0,0,alpha, ("pos num" 2) ("verb" 1) ("noun" 1) ("stem" "reprocess") ("pos" "_noun")]
      \_ [882,882,0,0,white]
      _conj [883,885,51,1101,node, ("stem" "and")]
         and [883,885,0,0,alpha]
      \_ [886,886,0,0,white]
      _verb [887,889,51,545,node, ("-s" 1) ("stem" "have") ("sem" "have") ("tense" "present") ("mypos" "VBZ")]
         _have [887,889,51,545,node]
            has [887,889,0,0,alpha]
      \_ [890,890,0,0,white]
      expressed [891,899,0,0,alpha, ("wordcon" concept:"<name>") ("verb" 1) ("adj" 1) ("pos num" 2) ("pos" "_adj") ("stem" "express")]
      \_ [900,900,0,0,white]
      _pro [901,903,51,148,node, ("proposs" 1) ("proobj" 1) ("stem" "her")]
         _proPoss [901,903,51,148,node]
            _proObj [901,903,51,148,node]
               her [901,903,0,0,alpha]
      \_ [904,904,0,0,white]
      _noun [905,914,56,65,node, ("wordcon" concept:"<name>") ("noun" 1) ("pos num" 1) ("pos" "_noun") ("stem" "opposition") ("sem" "opposition") ("number" "singular")]
         opposition [905,914,0,0,alpha, ("wordcon" concept:"<name>") ("noun" 1) ("pos num" 1) ("pos" "_noun") ("stem" "opposition")]
      \_ [915,915,0,0,white]
      _prep [916,917,51,1056,node, ("stem" "to") ("mypos" "TO")]
         to [916,917,0,0,alpha]
      \n [918,918,0,0,white]
      reprocessing [919,930,0,0,alpha, ("pos num" 2) ("verb" 1) ("noun" 1) ("stem" "reprocess") ("pos" "_noun")]
      \_ [931,931,0,0,white]
      _conj [932,934,51,1101,node, ("stem" "and")]
         and [932,934,0,0,alpha]
      \_ [935,935,0,0,white]
      _noun [936,944,56,65,node, ("wordcon" concept:"<name>") ("noun" 1) ("pos num" 1) ("pos" "_noun") ("stem" "plutonium") ("sem" "plutonium") ("number" "singular")]
         plutonium [936,944,0,0,alpha, ("wordcon" concept:"<name>") ("noun" 1) ("pos num" 1) ("pos" "_noun") ("stem" "plutonium")]
      \_ [945,945,0,0,white]
      fuel [946,949,0,0,alpha, ("wordcon" concept:"<name>") ("noun" 1) ("verb" 1) ("pos num" 2) ("pos" "_verb") ("stem" "fuel")]
      \_ [950,950,0,0,white]
      cycles [951,956,0,0,alpha, ("wordcon" concept:"<name>") ("noun" 1) ("verb" 1) ("pos num" 2) ("pos" "_verb") ("stem" "cycle")]
      _qEOS [957,957,41,175,node]
         . [957,957,0,0,punct]
      ) [958,958,0,0,punct]
      \n [959,959,0,0,white]
   _TEXTZONE [961,1623,33,16,node, ("line count" 12) ("date ref" 1) ("func words" 18)]
      _det [961,963,51,280,node, ("number" "any") ("stem" "the") ("needs-np" 1)]
         The [961,963,0,0,alpha]
      \_ [964,964,0,0,white]
      _noun [965,969,40,37,node, ("sem detail" "usa") ("sem" "country") ("ne" 1) ("ne type" "location") ("ne type conf" 95) ("stem" "usa") ("country" "usa")]
         _nounCountry [965,969,40,37,node]
            U [965,965,0,0,alpha]
            . [966,966,0,0,punct]
            S [967,967,0,0,alpha]
            . [968,968,0,0,punct]
            \_ [969,969,0,0,white]
      _verb [970,972,51,545,node, ("-s" 1) ("stem" "have") ("sem" "have") ("tense" "present") ("mypos" "VBZ")]
         _have [970,972,51,545,node]
            has [970,972,0,0,alpha]
      \_ [973,973,0,0,white]
      _verb [974,981,56,65,node, ("wordcon" concept:"<name>") ("verb" 1) ("pos num" 1) ("pos" "_verb") ("stem" "insist") ("sem" "insist")]
         insisted [974,981,0,0,alpha, ("wordcon" concept:"<name>") ("verb" 1) ("pos num" 1) ("pos" "_verb") ("stem" "insist")]
      \_ [982,982,0,0,white]
      _fnword [983,986,51,1104,node, ("stem" "that")]
         that [983,986,0,0,alpha]
      \_ [987,987,0,0,white]
      _det [988,990,51,280,node, ("number" "any") ("stem" "the") ("needs-np" 1)]
         the [988,990,0,0,alpha]
      \_ [991,991,0,0,white]
      DPRK [992,995,0,0,alpha, ("cap" 1) ("unknown" 1)]
      \_ [996,996,0,0,white]
      give [997,1000,0,0,alpha, ("wordcon" concept:"<name>") ("noun" 1) ("verb" 1) ("pos num" 2) ("pos" "_verb") ("stem" "give")]
      \_ [1001,1001,0,0,white]
      _prep [1002,1003,51,1067,node, ("stem" "up")]
         up [1002,1003,0,0,alpha]
      \_ [1004,1004,0,0,white]
      _pro [1005,1007,51,117,node, ("mypos" "PP$") ("proposs" 1)]
         _proPoss [1005,1007,51,117,node]
            its [1005,1007,0,0,alpha]
      \n [1008,1008,0,0,white]
      reprocessing [1009,1020,0,0,alpha, ("pos num" 2) ("verb" 1) ("noun" 1) ("stem" "reprocess") ("pos" "_noun")]
      \_ [1021,1021,0,0,white]
      plant [1022,1026,0,0,alpha, ("wordcon" concept:"<name>") ("noun" 1) ("verb" 1) ("pos num" 2) ("pos" "_verb") ("stem" "plant")]
      \_ [1027,1027,0,0,white]
      _conj [1028,1030,51,1101,node, ("stem" "and")]
         and [1028,1030,0,0,alpha]
      \_ [1031,1031,0,0,white]
      _det [1032,1034,51,338,node, ("number" "plural") ("stem" "all") ("mass-ok" 1)]
         all [1032,1034,0,0,alpha]
      \_ [1035,1035,0,0,white]
      _noun [1036,1044,56,65,node, ("wordcon" concept:"<name>") ("noun" 1) ("pos num" 1) ("pos" "_noun") ("stem" "plutonium") ("sem" "plutonium") ("number" "singular")]
         plutonium [1036,1044,0,0,alpha, ("wordcon" concept:"<name>") ("noun" 1) ("pos num" 1) ("pos" "_noun") ("stem" "plutonium")]
      \_ [1045,1045,0,0,white]
      ambitions [1046,1054,0,0,alpha, ("wordcon" concept:"<name>") ("noun" 1) ("verb" 1) ("pos num" 2) ("pos" "_verb") ("stem" "ambition")]
      _qEOS [1055,1056,41,135,node]
         . [1055,1055,0,0,punct]
         \_ [1056,1056,0,0,white]
      _adj [1057,1068,53,2390,node, ("stem" "south korean") ("sem detail" "south korean") ("sem" "nationality") ("ne" 1) ("ne type" "location") ("ne type conf" 95)]
         _adjNation [1057,1068,53,2390,node]
            South [1057,1061,0,0,alpha]
            \n [1062,1062,0,0,white]
            Korean [1063,1068,0,0,alpha]
      \_ [1069,1069,0,0,white]
      _noun [1070,1076,56,65,node, ("wordcon" concept:"<name>") ("noun" 1) ("pos num" 1) ("pos" "_noun") ("stem" "effort") ("sem" "effort") ("number" "plural")]
         efforts [1070,1076,0,0,alpha, ("wordcon" concept:"<name>") ("noun" 1) ("pos num" 1) ("pos" "_noun") ("stem" "effort")]
      \_ [1077,1077,0,0,white]
      _prep [1078,1079,51,1056,node, ("stem" "to") ("mypos" "TO")]
         to [1078,1079,0,0,alpha]
      \_ [1080,1080,0,0,white]
      _verb [1081,1087,56,65,node, ("wordcon" concept:"<name>") ("verb" 1) ("pos num" 1) ("pos" "_verb") ("stem" "acquire") ("sem" "acquire")]
         acquire [1081,1087,0,0,alpha, ("wordcon" concept:"<name>") ("verb" 1) ("pos num" 1) ("pos" "_verb") ("stem" "acquire")]
      \_ [1088,1088,0,0,white]
      reprocessing [1089,1100,0,0,alpha, ("pos num" 2) ("verb" 1) ("noun" 1) ("stem" "reprocess") ("pos" "_noun")]
      \_ [1101,1101,0,0,white]
      plants [1102,1107,0,0,alpha, ("wordcon" concept:"<name>") ("noun" 1) ("verb" 1) ("pos num" 2) ("pos" "_verb") ("stem" "plant")]
      , [1108,1108,0,0,punct]
      \_ [1109,1109,0,0,white]
      _noun [1110,1118,56,65,node, ("wordcon" concept:"<name>") ("noun" 1) ("pos num" 1) ("pos" "_noun") ("stem" "plutonium") ("sem" "plutonium") ("number" "singular")]
         plutonium [1110,1118,0,0,alpha, ("wordcon" concept:"<name>") ("noun" 1) ("pos num" 1) ("pos" "_noun") ("stem" "plutonium")]
      \n [1119,1119,0,0,white]
      _noun [1120,1129,56,65,node, ("wordcon" concept:"<name>") ("noun" 1) ("pos num" 1) ("pos" "_noun") ("stem" "separation") ("sem" "separation") ("number" "singular")]
         separation [1120,1129,0,0,alpha, ("wordcon" concept:"<name>") ("noun" 1) ("pos num" 1) ("pos" "_noun") ("stem" "separation")]
      \_ [1130,1130,0,0,white]
      _noun [1131,1140,56,65,node, ("wordcon" concept:"<name>") ("noun" 1) ("pos num" 1) ("pos" "_noun") ("stem" "technology") ("sem" "technology") ("number" "singular")]
         technology [1131,1140,0,0,alpha, ("wordcon" concept:"<name>") ("noun" 1) ("pos num" 1) ("pos" "_noun") ("stem" "technology")]
      , [1141,1141,0,0,punct]
      \_ [1142,1142,0,0,white]
      _conj [1143,1145,51,1101,node, ("stem" "and")]
         and [1143,1145,0,0,alpha]
      \_ [1146,1146,0,0,white]
      related [1147,1153,0,0,alpha, ("wordcon" concept:"<name>") ("verb" 1) ("adj" 1) ("pos num" 2) ("pos" "_adj") ("stem" "relate")]
      \_ [1154,1154,0,0,white]
      _noun [1155,1164,56,65,node, ("wordcon" concept:"<name>") ("noun" 1) ("pos num" 1) ("pos" "_noun") ("stem" "technology") ("sem" "technology") ("number" "singular")]
         technology [1155,1164,0,0,alpha, ("wordcon" concept:"<name>") ("noun" 1) ("pos num" 1) ("pos" "_noun") ("stem" "technology")]
      \_ [1165,1165,0,0,white]
      _verb [1166,1169,51,536,node, ("inf" 1) ("stem" "have") ("sem" "have") ("tense" "present")]
         _have [1166,1169,51,536,node]
            have [1166,1169,0,0,alpha]
      \_ [1170,1170,0,0,white]
      _adv [1171,1174,56,65,node, ("wordcon" concept:"<name>") ("adv" 1) ("pos num" 1) ("pos" "_adv") ("stem" "also") ("sem" "also")]
         also [1171,1174,0,0,alpha, ("wordcon" concept:"<name>") ("adv" 1) ("pos num" 1) ("pos" "_adv") ("stem" "also")]
      \n [1175,1175,0,0,white]
      _verb [1176,1179,51,191,node, ("-en" 1) ("sem" "be") ("stem" "be") ("verb" 1) ("mypos" "VBN")]
         _be [1176,1179,51,191,node]
            been [1176,1179,0,0,alpha]
      \_ [1180,1180,0,0,white]
      _verb [1181,1187,56,65,node, ("wordcon" concept:"<name>") ("verb" 1) ("pos num" 1) ("pos" "_verb") ("stem" "quash") ("sem" "quash")]
         quashed [1181,1187,0,0,alpha, ("wordcon" concept:"<name>") ("verb" 1) ("pos num" 1) ("pos" "_verb") ("stem" "quash")]
      \_ [1188,1188,0,0,white]
      _prep [1189,1190,51,1067,node, ("stem" "by")]
         by [1189,1190,0,0,alpha]
      \_ [1191,1191,0,0,white]
      firm [1192,1195,0,0,alpha, ("wordcon" concept:"<name>") ("noun" 1) ("verb" 1) ("adj" 1) ("adv" 1) ("pos num" 4) ("pos" "_adv") ("stem" "firm")]
      \_ [1196,1196,0,0,white]
      _noun [1197,1201,40,37,node, ("sem detail" "usa") ("sem" "country") ("ne" 1) ("ne type" "location") ("ne type conf" 95) ("stem" "usa") ("country" "usa")]
         _nounCountry [1197,1201,40,37,node]
            U [1197,1197,0,0,alpha]
            . [1198,1198,0,0,punct]
            S [1199,1199,0,0,alpha]
            . [1200,1200,0,0,punct]
            \_ [1201,1201,0,0,white]
      _noun [1202,1210,56,65,node, ("wordcon" concept:"<name>") ("noun" 1) ("pos num" 1) ("pos" "_noun") ("stem" "diplomacy") ("sem" "diplomacy") ("number" "singular")]
         diplomacy [1202,1210,0,0,alpha, ("wordcon" concept:"<name>") ("noun" 1) ("pos num" 1) ("pos" "_noun") ("stem" "diplomacy")]
      _qEOS [1211,1211,61,57,node,fired,blt]
         . [1211,1211,0,0,punct]
      \_ [1212,1212,0,0,white]
      _noun [1213,1217,40,37,node, ("sem detail" "usa") ("sem" "country") ("ne" 1) ("ne type" "location") ("ne type conf" 95) ("stem" "usa") ("country" "usa")]
         _nounCountry [1213,1217,40,37,node]
            U [1213,1213,0,0,alpha]
            . [1214,1214,0,0,punct]
            S [1215,1215,0,0,alpha]
            . [1216,1216,0,0,punct]
            \_ [1217,1217,0,0,white]
      _noun [1218,1226,56,65,node, ("wordcon" concept:"<name>") ("noun" 1) ("pos num" 1) ("pos" "_noun") ("stem" "plutonium") ("sem" "plutonium") ("number" "singular")]
         plutonium [1218,1226,0,0,alpha, ("wordcon" concept:"<name>") ("noun" 1) ("pos num" 1) ("pos" "_noun") ("stem" "plutonium")]
      \_ [1227,1227,0,0,white]
      _noun [1228,1233,56,65,node, ("wordcon" concept:"<name>") ("noun" 1) ("pos num" 1) ("pos" "_noun") ("stem" "policy") ("sem" "policy") ("number" "singular")]
         policy [1228,1233,0,0,alpha, ("wordcon" concept:"<name>") ("noun" 1) ("pos num" 1) ("pos" "_noun") ("stem" "policy")]
      \n [1234,1234,0,0,white]
      _prep [1235,1240,55,80,node, ("wordcon" concept:"<name>") ("prep" 1) ("pos num" 1) ("pos" "_prep") ("stem" "toward")]
         toward [1235,1240,0,0,alpha, ("wordcon" concept:"<name>") ("prep" 1) ("pos num" 1) ("pos" "_prep") ("stem" "toward")]
      \_ [1241,1241,0,0,white]
      _noun [1242,1246,53,2678,node, ("sem detail" "japan") ("sem" "country") ("mypos" "NP") ("ne" 1) ("ne type" "location") ("ne type conf" 95) ("stem" "japan")]
         _nounCountry [1242,1246,53,2678,node]
            Japan [1242,1246,0,0,alpha, ("sem detail" "japan") ("sem" "country")]
      \_ [1247,1247,0,0,white]
      _verb [1248,1249,51,259,node, ("person" "3") ("number" "singular") ("tense" "present") ("-s" 1) ("sem" "be") ("stem" "be") ("verb" 1) ("mypos" "VBZ")]
         _be [1248,1249,51,259,node]
            is [1248,1249,0,0,alpha]
      \_ [1250,1250,0,0,white]
      governed [1251,1258,0,0,alpha, ("wordcon" concept:"<name>") ("noun" 1) ("verb" 1) ("pos num" 2) ("pos" "_verb") ("stem" "govern")]
      \_ [1259,1259,0,0,white]
      _prep [1260,1261,51,1067,node, ("stem" "by")]
         by [1260,1261,0,0,alpha]
      \_ [1262,1262,0,0,white]
      _det [1263,1265,51,280,node, ("number" "any") ("stem" "the") ("needs-np" 1)]
         the [1263,1265,0,0,alpha]
      \_ [1266,1266,0,0,white]
      1988 [1267,1270,0,0,num, ("mypos" "CD")]
      \_ [1271,1271,0,0,white]
      _noun [1272,1279,56,65,node, ("wordcon" concept:"<name>") ("noun" 1) ("pos num" 1) ("pos" "_noun") ("stem" "revision") ("sem" "revision") ("number" "singular")]
         revision [1272,1279,0,0,alpha, ("wordcon" concept:"<name>") ("noun" 1) ("pos num" 1) ("pos" "_noun") ("stem" "revision")]
      \_ [1280,1280,0,0,white]
      _prep [1281,1282,51,1067,node, ("stem" "of")]
         of [1281,1282,0,0,alpha]
      \_ [1283,1283,0,0,white]
      _det [1284,1286,51,280,node, ("number" "any") ("stem" "the") ("needs-np" 1)]
         the [1284,1286,0,0,alpha]
      \n [1287,1287,0,0,white]
      _noun [1288,1291,40,37,node, ("sem detail" "usa") ("sem" "country") ("ne" 1) ("ne type" "location") ("ne type conf" 95) ("stem" "usa") ("country" "usa")]
         _nounCountry [1288,1291,40,37,node]
            U [1288,1288,0,0,alpha]
            . [1289,1289,0,0,punct]
            S [1290,1290,0,0,alpha]
            . [1291,1291,0,0,punct]
      - [1292,1292,0,0,punct]
      _adj [1293,1300,53,2604,node, ("stem" "japanese") ("sem detail" "japanese") ("sem" "nationality") ("ne" 1) ("ne type" "location") ("ne type conf" 95) ("cap" 1) ("mypos" "NP") ("country" "Japan")]
         _adjNation [1293,1300,53,2604,node]
            Japanese [1293,1300,0,0,alpha]
      \_ [1301,1301,0,0,white]
      _adj [1302,1308,56,65,node, ("wordcon" concept:"<name>") ("adj" 1) ("pos num" 1) ("pos" "_adj") ("stem" "nuclear") ("sem" "nuclear")]
         nuclear [1302,1308,0,0,alpha, ("wordcon" concept:"<name>") ("adj" 1) ("pos num" 1) ("pos" "_adj") ("stem" "nuclear")]
      \_ [1309,1309,0,0,white]
      _noun [1310,1320,56,65,node, ("wordcon" concept:"<name>") ("noun" 1) ("pos num" 1) ("pos" "_noun") ("stem" "cooperation") ("sem" "cooperation") ("number" "singular")]
         cooperation [1310,1320,0,0,alpha, ("wordcon" concept:"<name>") ("noun" 1) ("pos num" 1) ("pos" "_noun") ("stem" "cooperation")]
      \_ [1321,1321,0,0,white]
      _noun [1322,1330,56,65,node, ("wordcon" concept:"<name>") ("noun" 1) ("pos num" 1) ("pos" "_noun") ("stem" "agreement") ("sem" "agreement") ("number" "singular")]
         agreement [1322,1330,0,0,alpha, ("wordcon" concept:"<name>") ("noun" 1) ("pos num" 1) ("pos" "_noun") ("stem" "agreement")]
      \_ [1331,1331,0,0,white]
      _fnword [1332,1335,51,1104,node, ("stem" "that")]
         that [1332,1335,0,0,alpha]
      \_ [1336,1336,0,0,white]
      _verb [1337,1340,56,65,node, ("stem" "give") ("sem" "give") ("-ed" 1) ("pos" "_verb") ("wordcon" concept:"<name>") ("verb" 1) ("pos num" 1)]
         gave [1337,1340,0,0,alpha, ("stem" "give") ("sem" "give") ("-ed" 1) ("pos" "_verb") ("wordcon" concept:"<name>") ("verb" 1) ("pos num" 1)]
      \_ [1341,1341,0,0,white]
      _noun [1342,1346,53,2678,node, ("sem detail" "japan") ("sem" "country") ("mypos" "NP") ("ne" 1) ("ne type" "location") ("ne type conf" 95) ("stem" "japan")]
         _nounCountry [1342,1346,53,2678,node]
            Japan [1342,1346,0,0,alpha, ("sem detail" "japan") ("sem" "country")]
      \n [1347,1347,0,0,white]
      advance [1348,1354,0,0,alpha, ("wordcon" concept:"<name>") ("noun" 1) ("verb" 1) ("adj" 1) ("pos num" 3) ("pos" "_adj") ("stem" "advance")]
      \_ [1355,1355,0,0,white]
      _noun [1356,1363,56,65,node, ("wordcon" concept:"<name>") ("noun" 1) ("pos num" 1) ("pos" "_noun") ("stem" "approval") ("sem" "approval") ("number" "singular")]
         approval [1356,1363,0,0,alpha, ("wordcon" concept:"<name>") ("noun" 1) ("pos num" 1) ("pos" "_noun") ("stem" "approval")]
      \_ [1364,1364,0,0,white]
      _prep [1365,1366,51,1056,node, ("stem" "to") ("mypos" "TO")]
         to [1365,1366,0,0,alpha]
      \_ [1367,1367,0,0,white]
      _verb [1368,1376,56,65,node, ("wordcon" concept:"<name>") ("verb" 1) ("pos num" 1) ("pos" "_verb") ("stem" "reprocess") ("sem" "reprocess")]
         reprocess [1368,1376,0,0,alpha, ("wordcon" concept:"<name>") ("verb" 1) ("pos num" 1) ("pos" "_verb") ("stem" "reprocess")]
      \_ [1377,1377,0,0,white]
      _fnword [1378,1379,51,1099,node, ("stem" "as")]
         as [1378,1379,0,0,alpha]
      \_ [1380,1380,0,0,white]
      much [1381,1384,0,0,alpha, ("wordcon" concept:"<name>") ("noun" 1) ("adj" 1) ("adv" 1) ("pos num" 3) ("pos" "_adv") ("stem" "much")]
      \_ [1385,1385,0,0,white,fired]
      _adj [1386,1396,61,94,node,fired,blt, ("cap" 1) ("glom" 1)]
         _caps [1386,1396,61,94,node,fired,blt]
            _noun [1386,1389,40,37,node,fired, ("sem detail" "usa") ("sem" "country") ("ne" 1) ("ne type" "location") ("ne type conf" 95) ("stem" "usa") ("country" "usa")]
               _nounCountry [1386,1389,40,37,node]
                  U [1386,1386,0,0,alpha]
                  . [1387,1387,0,0,punct]
                  S [1388,1388,0,0,alpha]
                  . [1389,1389,0,0,punct]
            - [1390,1390,0,0,punct,fired]
            _noun [1391,1396,56,65,node,fired, ("wordcon" concept:"<name>") ("noun" 1) ("pos num" 1) ("pos" "_noun") ("stem" "origin") ("sem" "origin") ("number" "singular")]
               origin [1391,1396,0,0,alpha, ("wordcon" concept:"<name>") ("noun" 1) ("pos num" 1) ("pos" "_noun") ("stem" "origin")]
      \_ [1397,1397,0,0,white,fired]
      spent [1398,1402,0,0,alpha, ("stem" "spend") ("sem" "spend") ("-edn" 1) ("wordcon" concept:"<name>") ("verb" 1) ("adj" 1) ("pos num" 2) ("pos" "_adj")]
      \n [1403,1403,0,0,white]
      fuel [1404,1407,0,0,alpha, ("wordcon" concept:"<name>") ("noun" 1) ("verb" 1) ("pos num" 2) ("pos" "_verb") ("stem" "fuel")]
      \_ [1408,1408,0,0,white]
      _fnword [1409,1410,51,1099,node, ("stem" "as")]
         as [1409,1410,0,0,alpha]
      \_ [1411,1411,0,0,white]
      _np [1412,1413,51,135,node, ("mypos" 0) ("ignorepos" 1) ("bracket" 1) ("pro" 1) ("prosubj" 1) ("proobj" 1) ("stem" "it") ("sem" "it")]
         _noun [1412,1413,51,135,node, ("mypos" "PP")]
            _pro [1412,1413,51,135,node]
               _proSubj [1412,1413,51,135,node]
                  _proObj [1412,1413,51,135,node]
                     it [1412,1413,0,0,alpha]
      \_ [1414,1414,0,0,white]
      wants [1415,1419,0,0,alpha, ("wordcon" concept:"<name>") ("noun" 1) ("verb" 1) ("pos num" 2) ("pos" "_verb") ("stem" "want")]
      \_ [1420,1420,0,0,white]
      _prep [1421,1424,51,1067,node, ("stem" "over")]
         over [1421,1424,0,0,alpha]
      \_ [1425,1425,0,0,white]
      _det [1426,1426,51,297,node, ("number" "singular") ("needs-np" 1) ("stem" "a")]
         a [1426,1426,0,0,alpha]
      \_ [1427,1427,0,0,white]
      30 [1428,1429,0,0,num, ("mypos" "CD")]
      - [1430,1430,0,0,punct]
      _noun [1431,1434,56,65,node, ("sem" "date") ("wordcon" concept:"<name>") ("noun" 1) ("pos num" 1) ("pos" "_noun") ("stem" "year") ("number" "singular")]
         year [1431,1434,0,0,alpha, ("sem" "date") ("wordcon" concept:"<name>") ("noun" 1) ("pos num" 1) ("pos" "_noun") ("stem" "year")]
      \_ [1435,1435,0,0,white]
      _noun [1436,1441,56,65,node, ("wordcon" concept:"<name>") ("noun" 1) ("pos num" 1) ("pos" "_noun") ("stem" "period") ("sem" "period") ("number" "singular")]
         period [1436,1441,0,0,alpha, ("wordcon" concept:"<name>") ("noun" 1) ("pos num" 1) ("pos" "_noun") ("stem" "period")]
      \_ [1442,1442,0,0,white]
      [ [1443,1443,0,0,punct]
      35 [1444,1445,0,0,num, ("mypos" "CD")]
      ] [1446,1446,0,0,punct]
      _qEOS [1447,1448,41,135,node]
         . [1447,1447,0,0,punct]
         \_ [1448,1448,0,0,white]
      _det [1449,1451,51,280,node, ("number" "any") ("stem" "the") ("needs-np" 1)]
         The [1449,1451,0,0,alpha]
      \_ [1452,1452,0,0,white]
      _adj [1453,1460,56,65,node, ("wordcon" concept:"<name>") ("adj" 1) ("pos num" 1) ("pos" "_adj") ("stem" "previous") ("sem" "previous")]
         previous [1453,1460,0,0,alpha, ("wordcon" concept:"<name>") ("adj" 1) ("pos num" 1) ("pos" "_adj") ("stem" "previous")]
      \n [1461,1461,0,0,white]
      _noun [1462,1470,56,65,node, ("wordcon" concept:"<name>") ("noun" 1) ("pos num" 1) ("pos" "_noun") ("stem" "agreement") ("sem" "agreement") ("number" "singular")]
         agreement [1462,1470,0,0,alpha, ("wordcon" concept:"<name>") ("noun" 1) ("pos num" 1) ("pos" "_noun") ("stem" "agreement")]
      , [1471,1471,0,0,punct]
      \_ [1472,1472,0,0,white]
      _fnword [1473,1477,51,1221,node, ("mypos" "WDT") ("stem" "which") ("bracket" 1)]
         _whword [1473,1477,51,1221,node]
            which [1473,1477,0,0,alpha]
      \_ [1478,1478,0,0,white]
      _verb [1479,1481,51,231,node, ("person" "13s") ("number" "singular") ("tense" "past") ("-ed" 1) ("sem" "be") ("stem" "be") ("verb" 1) ("mypos" "VBD")]
         _be [1479,1481,51,231,node]
            was [1479,1481,0,0,alpha]
      \_ [1482,1482,0,0,white]
      _adv [1483,1485,51,625,node, ("neg" 1)]
         _neg [1483,1485,51,625,node]
            not [1483,1485,0,0,alpha]
      \_ [1486,1486,0,0,white]
      _prep [1487,1492,51,795,node, ("ignorepos" 1)]
         _adv [1487,1489,51,795,node]
            due [1487,1489,0,0,alpha]
         \_ [1490,1490,0,0,white]
         _prep [1491,1492,51,795,node]
            to [1491,1492,0,0,alpha]
      \_ [1493,1493,0,0,white]
      _verb [1494,1499,56,65,node, ("wordcon" concept:"<name>") ("verb" 1) ("pos num" 1) ("pos" "_verb") ("stem" "expire") ("sem" "expire")]
         expire [1494,1499,0,0,alpha, ("wordcon" concept:"<name>") ("verb" 1) ("pos num" 1) ("pos" "_verb") ("stem" "expire")]
      \_ [1500,1500,0,0,white]
      _prep [1501,1505,51,1067,node, ("stem" "until")]
         until [1501,1505,0,0,alpha]
      \_ [1506,1506,0,0,white]
      2003 [1507,1510,0,0,num, ("mypos" "CD")]
      , [1511,1511,0,0,punct]
      \n [1512,1512,0,0,white]
      empowered [1513,1521,0,0,alpha, ("wordcon" concept:"<name>") ("verb" 1) ("adj" 1) ("pos num" 2) ("pos" "_adj") ("stem" "empower")]
      \_ [1522,1522,0,0,white]
      _det [1523,1525,51,280,node, ("number" "any") ("stem" "the") ("needs-np" 1)]
         the [1523,1525,0,0,alpha]
      \_ [1526,1526,0,0,white]
      _noun [1527,1531,40,37,node, ("sem detail" "usa") ("sem" "country") ("ne" 1) ("ne type" "location") ("ne type conf" 95) ("stem" "usa") ("country" "usa")]
         _nounCountry [1527,1531,40,37,node]
            U [1527,1527,0,0,alpha]
            . [1528,1528,0,0,punct]
            S [1529,1529,0,0,alpha]
            . [1530,1530,0,0,punct]
            \_ [1531,1531,0,0,white]
      _prep [1532,1533,51,1056,node, ("stem" "to") ("mypos" "TO")]
         to [1532,1533,0,0,alpha]
      \_ [1534,1534,0,0,white]
      _verb [1535,1540,56,65,node, ("wordcon" concept:"<name>") ("verb" 1) ("pos num" 1) ("pos" "_verb") ("stem" "decide") ("sem" "decide")]
         decide [1535,1540,0,0,alpha, ("wordcon" concept:"<name>") ("verb" 1) ("pos num" 1) ("pos" "_verb") ("stem" "decide")]
      \_ [1541,1541,0,0,white]
      _det [1542,1545,51,308,node, ("number" "singular") ("stem" "each")]
         each [1542,1545,0,0,alpha]
      \_ [1546,1546,0,0,white]
      _adj [1547,1554,53,2604,node, ("stem" "japanese") ("sem detail" "japanese") ("sem" "nationality") ("ne" 1) ("ne type" "location") ("ne type conf" 95) ("cap" 1) ("mypos" "NP") ("country" "Japan")]
         _adjNation [1547,1554,53,2604,node]
            Japanese [1547,1554,0,0,alpha]
      \_ [1555,1555,0,0,white]
      request [1556,1562,0,0,alpha, ("wordcon" concept:"<name>") ("noun" 1) ("verb" 1) ("pos num" 2) ("pos" "_verb") ("stem" "request")]
      \_ [1563,1563,0,0,white]
      _prep [1564,1566,51,1067,node, ("stem" "for")]
         for [1564,1566,0,0,alpha]
      \n [1567,1567,0,0,white]
      reprocessing [1568,1579,0,0,alpha, ("pos num" 2) ("verb" 1) ("noun" 1) ("stem" "reprocess") ("pos" "_noun")]
      \_ [1580,1580,0,0,white]
      _conj [1581,1583,51,1101,node, ("stem" "and")]
         and [1581,1583,0,0,alpha]
      \_ [1584,1584,0,0,white]
      _noun [1585,1593,56,65,node, ("wordcon" concept:"<name>") ("noun" 1) ("pos num" 1) ("pos" "_noun") ("stem" "plutonium") ("sem" "plutonium") ("number" "singular")]
         plutonium [1585,1593,0,0,alpha, ("wordcon" concept:"<name>") ("noun" 1) ("pos num" 1) ("pos" "_noun") ("stem" "plutonium")]
      \_ [1594,1594,0,0,white]
      use [1595,1597,0,0,alpha, ("wordcon" concept:"<name>") ("noun" 1) ("verb" 1) ("pos num" 2) ("pos" "_verb") ("stem" "use")]
      \_ [1598,1598,0,0,white]
      _prep [1599,1600,51,1067,node, ("stem" "on")]
         on [1599,1600,0,0,alpha]
      \_ [1601,1601,0,0,white]
      _det [1602,1602,51,297,node, ("number" "singular") ("needs-np" 1) ("stem" "a")]
         a [1602,1602,0,0,alpha]
      \_ [1603,1603,0,0,white]
      _adj [1604,1610,41,375,node, ("hyphenated" 1) ("pos_np" "JJ")]
         case [1604,1607,0,0,alpha]
         - [1608,1608,0,0,punct]
         _adj [1609,1610,41,375,node]
            by [1609,1610,0,0,alpha]
      - [1611,1611,0,0,punct]
      case [1612,1615,0,0,alpha, ("wordcon" concept:"<name>") ("noun" 1) ("verb" 1) ("pos num" 2) ("pos" "_verb") ("stem" "case")]
      \_ [1616,1616,0,0,white]
      _noun [1617,1621,56,65,node, ("wordcon" concept:"<name>") ("noun" 1) ("pos num" 1) ("pos" "_noun") ("stem" "basis") ("sem" "basis") ("number" "singular")]
         basis [1617,1621,0,0,alpha, ("wordcon" concept:"<name>") ("noun" 1) ("pos num" 1) ("pos" "_noun") ("stem" "basis")]
      _qEOS [1622,1623,41,151,node]
         . [1622,1622,0,0,punct]
         \n [1623,1623,0,0,white]
   _TEXTZONE [1625,2359,33,16,node, ("line count" 13) ("date ref" 1) ("func words" 22)]
      _prep [1625,1626,51,1067,node, ("stem" "in")]
         In [1625,1626,0,0,alpha]
      \_ [1627,1627,0,0,white]
      _noun [1628,1640,45,174,node, ("dy" 0) ("yr" 1991) ("mo" 11) ("sem" "date")]
         _date [1628,1640,45,174,node]
            November [1628,1635,0,0,alpha, ("mypos" "NP")]
            \_ [1636,1636,0,0,white]
            1991 [1637,1640,0,0,num]
      , [1641,1641,0,0,punct]
      \_ [1642,1642,0,0,white]
      _fnword [1643,1647,51,382,node, ("stem" "while")]
         while [1643,1647,0,0,alpha]
      \_ [1648,1648,0,0,white]
      _det [1649,1651,51,280,node, ("number" "any") ("stem" "the") ("needs-np" 1)]
         the [1649,1651,0,0,alpha]
      \_ [1652,1652,0,0,white]
      _noun [1653,1663,41,375,node, ("mypos" "NP") ("hyphenated" 1) ("cap" 1) ("pos_np" "NP")]
         North [1653,1657,0,0,alpha]
         - [1658,1658,0,0,punct]
         _noun [1659,1663,41,375,node]
            South [1659,1663,0,0,alpha]
      \_ [1664,1664,0,0,white]
      _adj [1665,1670,53,2604,node, ("stem" "korean") ("sem detail" "korean") ("sem" "nationality") ("ne" 1) ("ne type" "location") ("ne type conf" 95) ("cap" 1) ("mypos" "NP")]
         _adjNation [1665,1670,53,2604,node]
            Korean [1665,1670,0,0,alpha]
      \_ [1671,1671,0,0,white]
      _adj [1672,1680,56,65,node, ("wordcon" concept:"<name>") ("adj" 1) ("pos num" 1) ("pos" "_adj") ("stem" "bilateral") ("sem" "bilateral")]
         bilateral [1672,1680,0,0,alpha, ("wordcon" concept:"<name>") ("adj" 1) ("pos num" 1) ("pos" "_adj") ("stem" "bilateral")]
      \n [1681,1681,0,0,white]
      _noun [1682,1697,56,65,node, ("wordcon" concept:"<name>") ("noun" 1) ("pos num" 1) ("pos" "_noun") ("stem" "denuclearization") ("sem" "denuclearization") ("number" "singular")]
         denuclearization [1682,1697,0,0,alpha, ("wordcon" concept:"<name>") ("noun" 1) ("pos num" 1) ("pos" "_noun") ("stem" "denuclearization")]
      \_ [1698,1698,0,0,white]
      _noun [1699,1707,56,65,node, ("wordcon" concept:"<name>") ("noun" 1) ("pos num" 1) ("pos" "_noun") ("stem" "agreement") ("sem" "agreement") ("number" "singular")]
         agreement [1699,1707,0,0,alpha, ("wordcon" concept:"<name>") ("noun" 1) ("pos num" 1) ("pos" "_noun") ("stem" "agreement")]
      \_ [1708,1708,0,0,white]
      _verb [1709,1711,51,231,node, ("person" "13s") ("number" "singular") ("tense" "past") ("-ed" 1) ("sem" "be") ("stem" "be") ("verb" 1) ("mypos" "VBD")]
         _be [1709,1711,51,231,node]
            was [1709,1711,0,0,alpha]
      \_ [1712,1712,0,0,white]
      being [1713,1717,0,0,alpha, ("wordcon" concept:"<name>") ("noun" 1) ("verb" 1) ("eventive" 1) ("pos num" 2) ("pos" "_verb") ("stem" "bee")]
      \_ [1718,1718,0,0,white]
      _verb [1719,1728,56,65,node, ("wordcon" concept:"<name>") ("verb" 1) ("pos num" 1) ("pos" "_verb") ("stem" "negotiate") ("sem" "negotiate")]
         negotiated [1719,1728,0,0,alpha, ("wordcon" concept:"<name>") ("verb" 1) ("pos num" 1) ("pos" "_verb") ("stem" "negotiate")]
      , [1729,1729,0,0,punct]
      \_ [1730,1730,0,0,white]
      _fnword [1731,1734,51,469,node, ("mypos" "RB") ("stem" "then")]
         then [1731,1734,0,0,alpha]
      - [1735,1735,0,0,punct]
      _noun [1736,1740,40,37,node, ("sem detail" "usa") ("sem" "country") ("ne" 1) ("ne type" "location") ("ne type conf" 95) ("stem" "usa") ("country" "usa")]
         _nounCountry [1736,1740,40,37,node]
            U [1736,1736,0,0,alpha]
            . [1737,1737,0,0,punct]
            S [1738,1738,0,0,alpha]
            . [1739,1739,0,0,punct]
            \n [1740,1740,0,0,white]
      _noun [1741,1758,50,96,node, ("stem" "Secretary of State") ("ne text" "Secretary of State") ("ne type" "person") ("ne type conf" 95) ("ne" 1) ("sem" "person title") ("ignorepos" 1)]
         Secretary [1741,1749,0,0,alpha, ("mypos" "NP")]
         \_ [1750,1750,0,0,white]
         of [1751,1752,0,0,alpha, ("mypos" "IN")]
         \_ [1753,1753,0,0,white]
         State [1754,1758,0,0,alpha, ("mypos" "NP")]
      \_ [1759,1759,0,0,white]
      James [1760,1764,0,0,alpha, ("cap" 1) ("unknown" 1)]
      \_ [1765,1765,0,0,white]
      _noun [1766,1770,56,65,node, ("cap" 1) ("wordcon" concept:"<name>") ("noun" 1) ("pos num" 1) ("pos" "_noun") ("stem" "baker") ("sem" "baker") ("number" "singular")]
         Baker [1766,1770,0,0,alpha, ("cap" 1) ("wordcon" concept:"<name>") ("noun" 1) ("pos num" 1) ("pos" "_noun") ("stem" "baker")]
      \_ [1771,1771,0,0,white]
      made [1772,1775,0,0,alpha, ("stem" "make") ("sem" "make") ("-edn" 1) ("wordcon" concept:"<name>") ("verb" 1) ("adj" 1) ("pos num" 2) ("pos" "_adj")]
      \_ [1776,1776,0,0,white]
      clear [1777,1781,0,0,alpha, ("wordcon" concept:"<name>") ("noun" 1) ("verb" 1) ("adj" 1) ("adv" 1) ("pos num" 4) ("pos" "_adv") ("stem" "clear")]
      \_ [1782,1782,0,0,white]
      _fnword [1783,1786,51,1104,node, ("stem" "that")]
         that [1783,1786,0,0,alpha]
      \_ [1787,1787,0,0,white]
      _verb [1788,1798,56,65,node, ("wordcon" concept:"<name>") ("verb" 1) ("eventive" 1) ("pos num" 1) ("pos" "_verb") ("stem" "prohibit") ("sem" "prohibit")]
         prohibiting [1788,1798,0,0,alpha, ("wordcon" concept:"<name>") ("verb" 1) ("eventive" 1) ("pos num" 1) ("pos" "_verb") ("stem" "prohibit")]
      \n [1799,1799,0,0,white]
      fuel [1800,1803,0,0,alpha, ("wordcon" concept:"<name>") ("noun" 1) ("verb" 1) ("pos num" 2) ("pos" "_verb") ("stem" "fuel")]
      \_ [1804,1804,0,0,white]
      cycle [1805,1809,0,0,alpha, ("wordcon" concept:"<name>") ("noun" 1) ("verb" 1) ("pos num" 2) ("pos" "_verb") ("stem" "cycle")]
      \_ [1810,1810,0,0,white]
      _noun [1811,1820,56,65,node, ("wordcon" concept:"<name>") ("noun" 1) ("pos num" 1) ("pos" "_noun") ("stem" "facility") ("sem" "facility") ("number" "plural")]
         facilities [1811,1820,0,0,alpha, ("wordcon" concept:"<name>") ("noun" 1) ("pos num" 1) ("pos" "_noun") ("stem" "facility")]
      \_ [1821,1821,0,0,white]
      _verb [1822,1824,51,231,node, ("person" "13s") ("number" "singular") ("tense" "past") ("-ed" 1) ("sem" "be") ("stem" "be") ("verb" 1) ("mypos" "VBD")]
         _be [1822,1824,51,231,node]
            was [1822,1824,0,0,alpha]
      \_ [1825,1825,0,0,white]
      _adv [1826,1828,51,625,node, ("neg" 1)]
         _neg [1826,1828,51,625,node]
            not [1826,1828,0,0,alpha]
      \_ [1829,1829,0,0,white]
      _adj [1830,1839,56,65,node, ("wordcon" concept:"<name>") ("adj" 1) ("pos num" 1) ("pos" "_adj") ("stem" "sufficient") ("sem" "sufficient")]
         sufficient [1830,1839,0,0,alpha, ("wordcon" concept:"<name>") ("adj" 1) ("pos num" 1) ("pos" "_adj") ("stem" "sufficient")]
      , [1840,1840,0,0,punct]
      \_ [1841,1841,0,0,white]
      _conj [1842,1844,51,1101,node, ("stem" "and")]
         and [1842,1844,0,0,alpha]
      \_ [1845,1845,0,0,white]
      " [1846,1846,0,0,punct]
      _det [1847,1849,51,280,node, ("number" "any") ("stem" "the") ("needs-np" 1)]
         the [1847,1849,0,0,alpha]
      \_ [1850,1850,0,0,white]
      _adv [1851,1854,53,89,node, ("mypos" "RB")]
         only [1851,1854,0,0,alpha]
      \n [1855,1855,0,0,white]
      firm [1856,1859,0,0,alpha, ("wordcon" concept:"<name>") ("noun" 1) ("verb" 1) ("adj" 1) ("adv" 1) ("pos num" 4) ("pos" "_adv") ("stem" "firm")]
      \_ [1860,1860,0,0,white]
      _noun [1861,1869,56,65,node, ("wordcon" concept:"<name>") ("noun" 1) ("pos num" 1) ("pos" "_noun") ("stem" "assurance") ("sem" "assurance") ("number" "singular")]
         assurance [1861,1869,0,0,alpha, ("wordcon" concept:"<name>") ("noun" 1) ("pos num" 1) ("pos" "_noun") ("stem" "assurance")]
      \_ [1870,1870,0,0,white]
      _prep [1871,1877,55,80,node, ("wordcon" concept:"<name>") ("prep" 1) ("pos num" 1) ("pos" "_prep") ("stem" "against")]
         against [1871,1877,0,0,alpha, ("wordcon" concept:"<name>") ("prep" 1) ("pos num" 1) ("pos" "_prep") ("stem" "against")]
      \_ [1878,1878,0,0,white]
      _det [1879,1879,51,297,node, ("number" "singular") ("needs-np" 1) ("stem" "a")]
         a [1879,1879,0,0,alpha]
      \_ [1880,1880,0,0,white]
      _adj [1881,1887,56,65,node, ("wordcon" concept:"<name>") ("adj" 1) ("pos num" 1) ("pos" "_adj") ("stem" "nuclear") ("sem" "nuclear")]
         nuclear [1881,1887,0,0,alpha, ("wordcon" concept:"<name>") ("adj" 1) ("pos num" 1) ("pos" "_adj") ("stem" "nuclear")]
      \_ [1888,1888,0,0,white]
      arms [1889,1892,0,0,alpha, ("wordcon" concept:"<name>") ("noun" 1) ("verb" 1) ("pos num" 2) ("pos" "_verb") ("stem" "arm")]
      \_ [1893,1893,0,0,white]
      race [1894,1897,0,0,alpha, ("wordcon" concept:"<name>") ("noun" 1) ("verb" 1) ("pos num" 2) ("pos" "_verb") ("stem" "race")]
      \_ [1898,1898,0,0,white]
      _prep [1899,1900,51,1067,node, ("stem" "in")]
         in [1899,1900,0,0,alpha]
      \_ [1901,1901,0,0,white]
      _det [1902,1904,51,280,node, ("number" "any") ("stem" "the") ("needs-np" 1)]
         the [1902,1904,0,0,alpha]
      \_ [1905,1905,0,0,white]
      _adj [1906,1911,53,2604,node, ("stem" "korean") ("sem detail" "korean") ("sem" "nationality") ("ne" 1) ("ne type" "location") ("ne type conf" 95) ("cap" 1) ("mypos" "NP")]
         _adjNation [1906,1911,53,2604,node]
            Korean [1906,1911,0,0,alpha]
      \n [1912,1912,0,0,white]
      _noun [1913,1921,56,65,node, ("wordcon" concept:"<name>") ("noun" 1) ("pos num" 1) ("pos" "_noun") ("stem" "peninsula") ("sem" "peninsula") ("number" "singular")]
         peninsula [1913,1921,0,0,alpha, ("wordcon" concept:"<name>") ("noun" 1) ("pos num" 1) ("pos" "_noun") ("stem" "peninsula")]
      \_ [1922,1922,0,0,white]
      _modal [1923,1927,51,522,node, ("mypos" "MD")]
         would [1923,1927,0,0,alpha]
      \_ [1928,1928,0,0,white]
      _verb [1929,1930,51,180,node, ("inf" 1) ("sem" "be") ("stem" "be") ("mypos" "VB") ("tense" "future") ("verb" 1)]
         _be [1929,1930,51,180,node]
            be [1929,1930,0,0,alpha]
      \_ [1931,1931,0,0,white]
      _det [1932,1932,51,297,node, ("number" "singular") ("needs-np" 1) ("stem" "a")]
         a [1932,1932,0,0,alpha]
      \_ [1933,1933,0,0,white]
      _adj [1934,1941,56,65,node, ("wordcon" concept:"<name>") ("adj" 1) ("pos num" 1) ("pos" "_adj") ("stem" "credible") ("sem" "credible")]
         credible [1934,1941,0,0,alpha, ("wordcon" concept:"<name>") ("adj" 1) ("pos num" 1) ("pos" "_adj") ("stem" "credible")]
      \_ [1942,1942,0,0,white]
      _noun [1943,1951,56,65,node, ("wordcon" concept:"<name>") ("noun" 1) ("pos num" 1) ("pos" "_noun") ("stem" "agreement") ("sem" "agreement") ("number" "singular")]
         agreement [1943,1951,0,0,alpha, ("wordcon" concept:"<name>") ("noun" 1) ("pos num" 1) ("pos" "_noun") ("stem" "agreement")]
      \_ [1952,1952,0,0,white]
      _prep [1953,1954,51,1067,node, ("stem" "by")]
         by [1953,1954,0,0,alpha]
      \_ [1955,1955,0,0,white]
      _fnword [1956,1959,51,364,node, ("number" "plural")]
         both [1956,1959,0,0,alpha]
      \_ [1960,1960,0,0,white]
      Seoul [1961,1965,0,0,alpha, ("cap" 1) ("unknown" 1)]
      \_ [1966,1966,0,0,white]
      _conj [1967,1969,51,1101,node, ("stem" "and")]
         and [1967,1969,0,0,alpha]
      \n [1970,1970,0,0,white]
      Pyongyang [1971,1979,0,0,alpha, ("cap" 1) ("unknown" 1)]
      \_ [1980,1980,0,0,white]
      _prep [1981,1982,51,1056,node, ("stem" "to") ("mypos" "TO")]
         to [1981,1982,0,0,alpha]
      \_ [1983,1983,0,0,white]
      _verb [1984,1990,56,65,node, ("wordcon" concept:"<name>") ("verb" 1) ("pos num" 1) ("pos" "_verb") ("stem" "abstain") ("sem" "abstain")]
         abstain [1984,1990,0,0,alpha, ("wordcon" concept:"<name>") ("verb" 1) ("pos num" 1) ("pos" "_verb") ("stem" "abstain")]
      \_ [1991,1991,0,0,white]
      _prep [1992,1995,51,1067,node, ("stem" "from")]
         from [1992,1995,0,0,alpha]
      \_ [1996,1996,0,0,white]
      _det [1997,1999,51,280,node, ("number" "any") ("stem" "the") ("needs-np" 1)]
         the [1997,1999,0,0,alpha]
      \_ [2000,2000,0,0,white]
      _noun [2001,2010,56,65,node, ("wordcon" concept:"<name>") ("noun" 1) ("pos num" 1) ("pos" "_noun") ("stem" "production") ("sem" "production") ("number" "singular")]
         production [2001,2010,0,0,alpha, ("wordcon" concept:"<name>") ("noun" 1) ("pos num" 1) ("pos" "_noun") ("stem" "production")]
      \_ [2011,2011,0,0,white]
      _conj [2012,2013,51,1101,node, ("stem" "or")]
         or [2012,2013,0,0,alpha]
      \_ [2014,2014,0,0,white]
      _noun [2015,2025,56,65,node, ("wordcon" concept:"<name>") ("noun" 1) ("pos num" 1) ("pos" "_noun") ("stem" "acquisition") ("sem" "acquisition") ("number" "singular")]
         acquisition [2015,2025,0,0,alpha, ("wordcon" concept:"<name>") ("noun" 1) ("pos num" 1) ("pos" "_noun") ("stem" "acquisition")]
      \_ [2026,2026,0,0,white]
      _prep [2027,2028,51,1067,node, ("stem" "of")]
         of [2027,2028,0,0,alpha]
      \n [2029,2029,0,0,white]
      _det [2030,2032,51,287,node, ("number" "any") ("stem" "any")]
         any [2030,2032,0,0,alpha]
      \_ [2033,2033,0,0,white]
      _adj [2034,2046,41,375,node, ("hyphenated" 1) ("pos_np" "JJ")]
         weapons [2034,2040,0,0,alpha]
         - [2041,2041,0,0,punct]
         _adj [2042,2046,41,375,node]
            grade [2042,2046,0,0,alpha]
      \_ [2047,2047,0,0,white]
      _adj [2048,2054,56,65,node, ("wordcon" concept:"<name>") ("adj" 1) ("pos num" 1) ("pos" "_adj") ("stem" "nuclear") ("sem" "nuclear")]
         nuclear [2048,2054,0,0,alpha, ("wordcon" concept:"<name>") ("adj" 1) ("pos num" 1) ("pos" "_adj") ("stem" "nuclear")]
      \_ [2055,2055,0,0,white]
      material [2056,2063,0,0,alpha, ("pos_np" "NN") ("wordcon" concept:"<name>") ("noun" 1) ("adj" 1) ("pos num" 2) ("pos" "_adj") ("stem" "material")]
      " [2064,2064,0,0,punct]
      \_ [2065,2065,0,0,white]
      [ [2066,2066,0,0,punct]
      _noun [2067,2074,56,65,node, ("wordcon" concept:"<name>") ("noun" 1) ("pos num" 1) ("pos" "_noun") ("stem" "emphasis") ("sem" "emphasis") ("number" "singular")]
         emphasis [2067,2074,0,0,alpha, ("wordcon" concept:"<name>") ("noun" 1) ("pos num" 1) ("pos" "_noun") ("stem" "emphasis")]
      \_ [2075,2075,0,0,white]
      _verb [2076,2083,56,65,node, ("wordcon" concept:"<name>") ("verb" 1) ("pos num" 1) ("pos" "_verb") ("stem" "supply") ("sem" "supply")]
         supplied [2076,2083,0,0,alpha, ("wordcon" concept:"<name>") ("verb" 1) ("pos num" 1) ("pos" "_verb") ("stem" "supply")]
      ] [2084,2084,0,0,punct]
      \n [2085,2085,0,0,white]
      [ [2086,2086,0,0,punct]
      36 [2087,2088,0,0,num, ("mypos" "CD")]
      ] [2089,2089,0,0,punct]
      _qEOS [2090,2091,41,135,node]
         . [2090,2090,0,0,punct]
         \_ [2091,2091,0,0,white]
      _np [2092,2093,51,135,node, ("mypos" 0) ("ignorepos" 1) ("bracket" 1) ("pro" 1) ("prosubj" 1) ("proobj" 1) ("stem" "it") ("sem" "it")]
         _noun [2092,2093,51,135,node, ("mypos" "PP")]
            _pro [2092,2093,51,135,node]
               _proSubj [2092,2093,51,135,node]
                  _proObj [2092,2093,51,135,node]
                     It [2092,2093,0,0,alpha]
      \_ [2094,2094,0,0,white]
      _verb [2095,2096,51,259,node, ("person" "3") ("number" "singular") ("tense" "present") ("-s" 1) ("sem" "be") ("stem" "be") ("verb" 1) ("mypos" "VBZ")]
         _be [2095,2096,51,259,node]
            is [2095,2096,0,0,alpha]
      \_ [2097,2097,0,0,white]
      _adj [2098,2108,56,65,node, ("wordcon" concept:"<name>") ("adj" 1) ("pos num" 1) ("pos" "_adj") ("stem" "significant") ("sem" "significant")]
         significant [2098,2108,0,0,alpha, ("wordcon" concept:"<name>") ("adj" 1) ("pos num" 1) ("pos" "_adj") ("stem" "significant")]
      \_ [2109,2109,0,0,white]
      _fnword [2110,2113,51,1104,node, ("stem" "that")]
         that [2110,2113,0,0,alpha]
      \_ [2114,2114,0,0,white]
      _det [2115,2117,51,280,node, ("number" "any") ("stem" "the") ("needs-np" 1)]
         the [2115,2117,0,0,alpha]
      \_ [2118,2118,0,0,white]
      North [2119,2123,0,0,alpha, ("cap" 1) ("wordcon" concept:"<name>") ("noun" 1) ("adj" 1) ("adv" 1) ("pos num" 3) ("pos" "_adv") ("stem" "north")]
      \_ [2124,2124,0,0,white]
      South [2125,2129,0,0,alpha, ("cap" 1) ("wordcon" concept:"<name>") ("noun" 1) ("adj" 1) ("adv" 1) ("pos num" 3) ("pos" "_adv") ("stem" "south")]
      \_ [2130,2130,0,0,white]
      _noun [2131,2139,56,65,node, ("wordcon" concept:"<name>") ("noun" 1) ("pos num" 1) ("pos" "_noun") ("stem" "agreement") ("sem" "agreement") ("number" "singular")]
         agreement [2131,2139,0,0,alpha, ("wordcon" concept:"<name>") ("noun" 1) ("pos num" 1) ("pos" "_noun") ("stem" "agreement")]
      \n [2140,2140,0,0,white]
      included [2141,2148,0,0,alpha, ("wordcon" concept:"<name>") ("verb" 1) ("adj" 1) ("pos num" 2) ("pos" "_adj") ("stem" "include")]
      \_ [2149,2149,0,0,white]
      _det [2150,2150,51,297,node, ("number" "singular") ("needs-np" 1) ("stem" "a")]
         a [2150,2150,0,0,alpha]
      \_ [2151,2151,0,0,white]
      ban [2152,2154,0,0,alpha, ("wordcon" concept:"<name>") ("noun" 1) ("verb" 1) ("pos num" 2) ("pos" "_verb") ("stem" "ban")]
      \_ [2155,2155,0,0,white]
      _prep [2156,2157,51,1067,node, ("stem" "on")]
         on [2156,2157,0,0,alpha]
      \_ [2158,2158,0,0,white]
      _noun [2159,2168,56,65,node, ("wordcon" concept:"<name>") ("noun" 1) ("pos num" 1) ("pos" "_noun") ("stem" "production") ("sem" "production") ("number" "singular")]
         production [2159,2168,0,0,alpha, ("wordcon" concept:"<name>") ("noun" 1) ("pos num" 1) ("pos" "_noun") ("stem" "production")]
      \_ [2169,2169,0,0,white]
      _fnword [2170,2172,51,1143,node, ("mypos" "CC")]
         but [2170,2172,0,0,alpha]
      \_ [2173,2173,0,0,white]
      _adv [2174,2176,51,625,node, ("neg" 1)]
         _neg [2174,2176,51,625,node]
            not [2174,2176,0,0,alpha]
      \_ [2177,2177,0,0,white]
      _prep [2178,2179,51,1067,node, ("stem" "on")]
         on [2178,2179,0,0,alpha]
      \_ [2180,2180,0,0,white]
      _noun [2181,2191,56,65,node, ("wordcon" concept:"<name>") ("noun" 1) ("pos num" 1) ("pos" "_noun") ("stem" "acquisition") ("sem" "acquisition") ("number" "singular")]
         acquisition [2181,2191,0,0,alpha, ("wordcon" concept:"<name>") ("noun" 1) ("pos num" 1) ("pos" "_noun") ("stem" "acquisition")]
      \_ [2192,2192,0,0,white]
      _prep [2193,2194,51,1067,node, ("stem" "of")]
         of [2193,2194,0,0,alpha]
      \n [2195,2195,0,0,white]
      _noun [2196,2204,56,65,node, ("wordcon" concept:"<name>") ("noun" 1) ("pos num" 1) ("pos" "_noun") ("stem" "plutonium") ("sem" "plutonium") ("number" "singular")]
         plutonium [2196,2204,0,0,alpha, ("wordcon" concept:"<name>") ("noun" 1) ("pos num" 1) ("pos" "_noun") ("stem" "plutonium")]
      _dbldash [2205,2208,40,278,node]
         \_ [2205,2205,0,0,white]
         - [2206,2206,0,0,punct]
         - [2207,2207,0,0,punct]
         \_ [2208,2208,0,0,white]
      _fnword [2209,2212,51,1116,node, ("mypos" "IN")]
         thus [2209,2212,0,0,alpha]
      \_ [2213,2213,0,0,white]
      _adv [2214,2223,56,65,node, ("wordcon" concept:"<name>") ("adv" 1) ("pos num" 1) ("pos" "_adv") ("stem" "presumably") ("sem" "presumably")]
         presumably [2214,2223,0,0,alpha, ("wordcon" concept:"<name>") ("adv" 1) ("pos num" 1) ("pos" "_adv") ("stem" "presumably")]
      \_ [2224,2224,0,0,white]
      leaving [2225,2231,0,0,alpha, ("wordcon" concept:"<name>") ("noun" 1) ("verb" 1) ("eventive" 1) ("pos num" 2) ("pos" "_verb") ("stem" "leave")]
      \_ [2232,2232,0,0,white]
      _noun [2233,2243,53,2548,node, ("mypos" "NP") ("ne type" "location") ("ne type conf" 95) ("ne" 1) ("sem detail" "south korea") ("stem" "south korea") ("sem" "country")]
         _nounCountry [2233,2243,53,2548,node]
            South [2233,2237,0,0,alpha]
            \_ [2238,2238,0,0,white]
            Korea [2239,2243,0,0,alpha]
      \_ [2244,2244,0,0,white]
      free [2245,2248,0,0,alpha, ("pos_np" "JJ") ("wordcon" concept:"<name>") ("noun" 1) ("verb" 1) ("adj" 1) ("adv" 1) ("pos num" 4) ("pos" "_adv") ("stem" "free")]
      \_ [2249,2249,0,0,white]
      _prep [2250,2251,51,1056,node, ("stem" "to") ("mypos" "TO")]
         to [2250,2251,0,0,alpha]
      \n [2252,2252,0,0,white]
      _verb [2253,2256,56,65,node, ("pos num" 1) ("verb" 100) ("stem" "seek") ("pos" "_verb") ("sem" "seek")]
         seek [2253,2256,0,0,alpha, ("pos num" 1) ("verb" 100) ("stem" "seek") ("pos" "_verb")]
      \_ [2257,2257,0,0,white]
      reprocessing [2258,2269,0,0,alpha, ("pos num" 2) ("verb" 1) ("noun" 1) ("stem" "reprocess") ("pos" "_noun")]
      \_ [2270,2270,0,0,white]
      services [2271,2278,0,0,alpha, ("wordcon" concept:"<name>") ("noun" 1) ("verb" 1) ("pos num" 2) ("pos" "_verb") ("stem" "service")]
      \_ [2279,2279,0,0,white]
      _conj [2280,2282,51,1101,node, ("stem" "and")]
         and [2280,2282,0,0,alpha]
      \_ [2283,2283,0,0,white]
      _noun [2284,2291,56,65,node, ("wordcon" concept:"<name>") ("noun" 1) ("pos num" 1) ("pos" "_noun") ("stem" "delivery") ("sem" "delivery") ("number" "singular")]
         delivery [2284,2291,0,0,alpha, ("wordcon" concept:"<name>") ("noun" 1) ("pos num" 1) ("pos" "_noun") ("stem" "delivery")]
      \_ [2292,2292,0,0,white]
      _prep [2293,2294,51,1067,node, ("stem" "of")]
         of [2293,2294,0,0,alpha]
      \_ [2295,2295,0,0,white]
      separated [2296,2304,0,0,alpha, ("wordcon" concept:"<name>") ("verb" 1) ("adj" 1) ("pos num" 2) ("pos" "_adj") ("stem" "separate")]
      \n [2305,2305,0,0,white]
      _noun [2306,2314,56,65,node, ("wordcon" concept:"<name>") ("noun" 1) ("pos num" 1) ("pos" "_noun") ("stem" "plutonium") ("sem" "plutonium") ("number" "singular")]
         plutonium [2306,2314,0,0,alpha, ("wordcon" concept:"<name>") ("noun" 1) ("pos num" 1) ("pos" "_noun") ("stem" "plutonium")]
      \_ [2315,2315,0,0,white]
      _prep [2316,2319,51,1067,node, ("stem" "from")]
         from [2316,2319,0,0,alpha]
      \_ [2320,2320,0,0,white]
      _det [2321,2323,51,280,node, ("number" "any") ("stem" "the") ("needs-np" 1)]
         the [2321,2323,0,0,alpha]
      \_ [2324,2324,0,0,white]
      _letabbr [2325,2328,40,223,node, ("cap" 1)]
         U [2325,2325,0,0,alpha]
         . [2326,2326,0,0,punct]
         K [2327,2327,0,0,alpha]
         . [2328,2328,0,0,punct]
      \_ [2329,2329,0,0,white]
      _conj [2330,2331,51,1101,node, ("stem" "or")]
         or [2330,2331,0,0,alpha]
      \_ [2332,2332,0,0,white]
      _noun [2333,2338,53,2678,node, ("sem detail" "france") ("sem" "country") ("mypos" "NP") ("ne" 1) ("ne type" "location") ("ne type conf" 95) ("stem" "france")]
         _nounCountry [2333,2338,53,2678,node]
            France [2333,2338,0,0,alpha, ("sem detail" "france") ("sem" "country")]
      , [2339,2339,0,0,punct]
      \_ [2340,2340,0,0,white]
      _fnword [2341,2342,51,1099,node, ("stem" "as")]
         as [2341,2342,0,0,alpha]
      \_ [2343,2343,0,0,white]
      _noun [2344,2348,53,2678,node, ("sem detail" "japan") ("sem" "country") ("mypos" "NP") ("ne" 1) ("ne type" "location") ("ne type conf" 95) ("stem" "japan")]
         _nounCountry [2344,2348,53,2678,node]
            Japan [2344,2348,0,0,alpha, ("sem detail" "japan") ("sem" "country")]
      \_ [2349,2349,0,0,white]
      _verb [2350,2352,51,545,node, ("-s" 1) ("stem" "have") ("sem" "have") ("tense" "present") ("mypos" "VBZ")]
         _have [2350,2352,51,545,node]
            has [2350,2352,0,0,alpha]
      \_ [2353,2353,0,0,white]
      _verb [2354,2357,51,618,node, ("-en" 1) ("sem" "do") ("stem" "do") ("mypos" "VBN")]
         _do [2354,2357,51,618,node]
            done [2354,2357,0,0,alpha]
      _qEOS [2358,2359,41,151,node]
         . [2358,2358,0,0,punct]
         \n [2359,2359,0,0,white]
   _TEXTZONE [2361,3015,33,16,node, ("line count" 12) ("func words" 14)]
      _det [2361,2363,51,280,node, ("number" "any") ("stem" "the") ("needs-np" 1)]
         The [2361,2363,0,0,alpha]
      \_ [2364,2364,0,0,white]
      present [2365,2371,0,0,alpha, ("wordcon" concept:"<name>") ("noun" 1) ("verb" 1) ("adj" 1) ("pos num" 3) ("pos" "_adj") ("stem" "present")]
      \_ [2372,2372,0,0,white]
      _noun [2373,2377,40,37,node, ("sem detail" "usa") ("sem" "country") ("ne" 1) ("ne type" "location") ("ne type conf" 95) ("stem" "usa") ("country" "usa")]
         _nounCountry [2373,2377,40,37,node]
            U [2373,2373,0,0,alpha]
            . [2374,2374,0,0,punct]
            S [2375,2375,0,0,alpha]
            . [2376,2376,0,0,punct]
            \_ [2377,2377,0,0,white]
      _adj [2378,2391,56,65,node, ("wordcon" concept:"<name>") ("adj" 1) ("pos num" 1) ("pos" "_adj") ("stem" "discriminatory") ("sem" "discriminatory")]
         discriminatory [2378,2391,0,0,alpha, ("wordcon" concept:"<name>") ("adj" 1) ("pos num" 1) ("pos" "_adj") ("stem" "discriminatory")]
      \_ [2392,2392,0,0,white]
      _noun [2393,2398,56,65,node, ("wordcon" concept:"<name>") ("noun" 1) ("pos num" 1) ("pos" "_noun") ("stem" "policy") ("sem" "policy") ("number" "singular")]
         policy [2393,2398,0,0,alpha, ("wordcon" concept:"<name>") ("noun" 1) ("pos num" 1) ("pos" "_noun") ("stem" "policy")]
      \_ [2399,2399,0,0,white]
      _modal [2400,2402,51,522,node, ("mypos" "MD")]
         may [2400,2402,0,0,alpha]
      \_ [2403,2403,0,0,white]
      _adv [2404,2406,51,625,node, ("neg" 1)]
         _neg [2404,2406,51,625,node]
            not [2404,2406,0,0,alpha]
      \_ [2407,2407,0,0,white]
      _verb [2408,2412,56,65,node, ("wordcon" concept:"<name>") ("verb" 1) ("pos num" 1) ("pos" "_verb") ("stem" "prove") ("sem" "prove")]
         prove [2408,2412,0,0,alpha, ("wordcon" concept:"<name>") ("verb" 1) ("pos num" 1) ("pos" "_verb") ("stem" "prove")]
      \n [2413,2413,0,0,white]
      _adv [2414,2427,56,65,node, ("wordcon" concept:"<name>") ("adv" 1) ("pos num" 1) ("pos" "_adv") ("stem" "diplomatically") ("sem" "diplomatically")]
         diplomatically [2414,2427,0,0,alpha, ("wordcon" concept:"<name>") ("adv" 1) ("pos num" 1) ("pos" "_adv") ("stem" "diplomatically")]
      \_ [2428,2428,0,0,white]
      _adj [2429,2439,56,65,node, ("wordcon" concept:"<name>") ("adj" 1) ("pos num" 1) ("pos" "_adj") ("stem" "sustainable") ("sem" "sustainable")]
         sustainable [2429,2439,0,0,alpha, ("wordcon" concept:"<name>") ("adj" 1) ("pos num" 1) ("pos" "_adj") ("stem" "sustainable")]
      _qEOS [2440,2441,41,135,node]
         . [2440,2440,0,0,punct]
         \_ [2441,2441,0,0,white]
      _noun [2442,2446,53,2678,node, ("sem detail" "japan") ("sem" "country") ("mypos" "NP") ("ne" 1) ("ne type" "location") ("ne type conf" 95) ("stem" "japan")]
         _nounCountry [2442,2446,53,2678,node]
            Japan [2442,2446,0,0,alpha, ("sem detail" "japan") ("sem" "country")]
      \_ [2447,2447,0,0,white]
      _conj [2448,2450,51,1101,node, ("stem" "and")]
         and [2448,2450,0,0,alpha]
      \_ [2451,2451,0,0,white]
      _noun [2452,2462,53,2548,node, ("mypos" "NP") ("ne type" "location") ("ne type conf" 95) ("ne" 1) ("sem detail" "south korea") ("stem" "south korea") ("sem" "country")]
         _nounCountry [2452,2462,53,2548,node]
            South [2452,2456,0,0,alpha]
            \_ [2457,2457,0,0,white]
            Korea [2458,2462,0,0,alpha]
      \_ [2463,2463,0,0,white]
      _verb [2464,2466,51,217,node, ("person" "2s-123p") ("number" "2s-123p") ("tense" "present") ("sem" "be") ("stem" "be") ("mypos" "VBP") ("verb" 1)]
         _be [2464,2466,51,217,node]
            are [2464,2466,0,0,alpha]
      \n [2467,2467,0,0,white]
      _adj [2468,2477,56,65,node, ("wordcon" concept:"<name>") ("adj" 1) ("pos num" 1) ("pos" "_adj") ("stem" "democratic") ("sem" "democratic")]
         democratic [2468,2477,0,0,alpha, ("wordcon" concept:"<name>") ("adj" 1) ("pos num" 1) ("pos" "_adj") ("stem" "democratic")]
      \_ [2478,2478,0,0,white]
      _noun [2479,2489,56,65,node, ("wordcon" concept:"<name>") ("noun" 1) ("pos num" 1) ("pos" "_noun") ("stem" "government") ("sem" "government") ("number" "plural")]
         governments [2479,2489,0,0,alpha, ("wordcon" concept:"<name>") ("noun" 1) ("pos num" 1) ("pos" "_noun") ("stem" "government")]
      , [2490,2490,0,0,punct]
      \_ [2491,2491,0,0,white]
      _pro [2492,2495,51,51,node, ("sem" "person") ("stem" "they") ("need-vconj" "inf") ("prosubj" 1)]
         _proSubj [2492,2495,51,51,node]
            they [2492,2495,0,0,alpha]
      \_ [2496,2496,0,0,white]
      _verb [2497,2499,51,217,node, ("person" "2s-123p") ("number" "2s-123p") ("tense" "present") ("sem" "be") ("stem" "be") ("mypos" "VBP") ("verb" 1)]
         _be [2497,2499,51,217,node]
            are [2497,2499,0,0,alpha]
      \_ [2500,2500,0,0,white]
      NPT [2501,2503,0,0,alpha, ("cap" 1) ("unknown" 1)]
      \_ [2504,2504,0,0,white]
      _noun [2505,2511,56,65,node, ("wordcon" concept:"<name>") ("noun" 1) ("pos num" 1) ("pos" "_noun") ("stem" "member") ("sem" "member") ("number" "plural")]
         members [2505,2511,0,0,alpha, ("wordcon" concept:"<name>") ("noun" 1) ("pos num" 1) ("pos" "_noun") ("stem" "member")]
      \_ [2512,2512,0,0,white]
      _prep [2513,2516,51,1067,node, ("stem" "with")]
         with [2513,2516,0,0,alpha]
      \n [2517,2517,0,0,white]
      _adj [2518,2527,41,375,node, ("hyphenated" 1) ("pos_np" "JJ")]
         full [2518,2521,0,0,alpha]
         - [2522,2522,0,0,punct]
         _adj [2523,2527,41,375,node]
            scope [2523,2527,0,0,alpha]
      \_ [2528,2528,0,0,white]
      safeguards [2529,2538,0,0,alpha, ("wordcon" concept:"<name>") ("noun" 1) ("verb" 1) ("pos num" 2) ("pos" "_verb") ("stem" "safeguard")]
      , [2539,2539,0,0,punct]
      \_ [2540,2540,0,0,white]
      _conj [2541,2543,51,1101,node, ("stem" "and")]
         and [2541,2543,0,0,alpha]
      \_ [2544,2544,0,0,white]
      _pro [2545,2548,51,51,node, ("sem" "person") ("stem" "they") ("need-vconj" "inf") ("prosubj" 1)]
         _proSubj [2545,2548,51,51,node]
            they [2545,2548,0,0,alpha]
      \_ [2549,2549,0,0,white]
      _verb [2550,2553,51,536,node, ("inf" 1) ("stem" "have") ("sem" "have") ("tense" "present")]
         _have [2550,2553,51,536,node]
            have [2550,2553,0,0,alpha]
      \_ [2554,2554,0,0,white]
      _noun [2555,2561,56,65,node, ("wordcon" concept:"<name>") ("noun" 1) ("pos num" 1) ("pos" "_noun") ("stem" "defense") ("sem" "defense") ("number" "singular")]
         defense [2555,2561,0,0,alpha, ("wordcon" concept:"<name>") ("noun" 1) ("pos num" 1) ("pos" "_noun") ("stem" "defense")]
      \_ [2562,2562,0,0,white]
      _noun [2563,2570,56,65,node, ("wordcon" concept:"<name>") ("noun" 1) ("pos num" 1) ("pos" "_noun") ("stem" "treaty") ("sem" "treaty") ("number" "plural")]
         treaties [2563,2570,0,0,alpha, ("wordcon" concept:"<name>") ("noun" 1) ("pos num" 1) ("pos" "_noun") ("stem" "treaty")]
      \_ [2571,2571,0,0,white]
      _prep [2572,2575,51,1067,node, ("stem" "with")]
         with [2572,2575,0,0,alpha]
      \n [2576,2576,0,0,white]
      _det [2577,2579,51,280,node, ("number" "any") ("stem" "the") ("needs-np" 1)]
         the [2577,2579,0,0,alpha]
      \_ [2580,2580,0,0,white]
      _noun [2581,2585,40,37,node, ("sem detail" "usa") ("sem" "country") ("ne" 1) ("ne type" "location") ("ne type conf" 95) ("stem" "usa") ("country" "usa")]
         _nounCountry [2581,2585,40,37,node]
            U [2581,2581,0,0,alpha]
            . [2582,2582,0,0,punct]
            S [2583,2583,0,0,alpha]
            . [2584,2584,0,0,punct]
            \_ [2585,2585,0,0,white]
      _conj [2586,2588,51,1101,node, ("stem" "and")]
         and [2586,2588,0,0,alpha]
      \_ [2589,2589,0,0,white]
      _adj [2590,2600,41,375,node, ("hyphenated" 1) ("pos_np" "JJ")]
         large [2590,2594,0,0,alpha]
         - [2595,2595,0,0,punct]
         _adj [2596,2600,41,375,node]
            scale [2596,2600,0,0,alpha]
      \_ [2601,2601,0,0,white]
      _adj [2602,2608,56,65,node, ("wordcon" concept:"<name>") ("adj" 1) ("pos num" 1) ("pos" "_adj") ("stem" "nuclear") ("sem" "nuclear")]
         nuclear [2602,2608,0,0,alpha, ("wordcon" concept:"<name>") ("adj" 1) ("pos num" 1) ("pos" "_adj") ("stem" "nuclear")]
      \_ [2609,2609,0,0,white]
      power [2610,2614,0,0,alpha, ("pos_np" "NN") ("wordcon" concept:"<name>") ("noun" 1) ("verb" 1) ("adj" 1) ("pos num" 3) ("pos" "_adj") ("stem" "power")]
      \_ [2615,2615,0,0,white]
      programs [2616,2623,0,0,alpha, ("wordcon" concept:"<name>") ("noun" 1) ("verb" 1) ("pos num" 2) ("pos" "_verb") ("stem" "program")]
      _qEOS [2624,2625,41,135,node]
         . [2624,2624,0,0,punct]
         \_ [2625,2625,0,0,white]
      _det [2626,2628,51,280,node, ("number" "any") ("stem" "the") ("needs-np" 1)]
         The [2626,2628,0,0,alpha]
      \_ [2629,2629,0,0,white]
      _noun [2630,2634,40,37,node, ("sem detail" "usa") ("sem" "country") ("ne" 1) ("ne type" "location") ("ne type conf" 95) ("stem" "usa") ("country" "usa")]
         _nounCountry [2630,2634,40,37,node]
            U [2630,2630,0,0,alpha]
            . [2631,2631,0,0,punct]
            S [2632,2632,0,0,alpha]
            . [2633,2633,0,0,punct]
            \n [2634,2634,0,0,white]
      State [2635,2639,0,0,alpha, ("pos_np" "NN") ("cap" 1) ("wordcon" concept:"<name>") ("noun" 1) ("verb" 1) ("adj" 1) ("pos num" 3) ("pos" "_adj") ("stem" "state")]
      \_ [2640,2640,0,0,white]
      _noun [2641,2650,56,65,node, ("cap" 1) ("wordcon" concept:"<name>") ("noun" 1) ("pos num" 1) ("pos" "_noun") ("stem" "department") ("sem" "department") ("number" "singular")]
         Department [2641,2650,0,0,alpha, ("cap" 1) ("wordcon" concept:"<name>") ("noun" 1) ("pos num" 1) ("pos" "_noun") ("stem" "department")]
      \_ [2651,2651,0,0,white]
      _modal [2652,2655,51,522,node, ("mypos" "MD")]
         must [2652,2655,0,0,alpha]
      \_ [2656,2656,0,0,white]
      _verb [2657,2663,56,65,node, ("wordcon" concept:"<name>") ("verb" 1) ("pos num" 1) ("pos" "_verb") ("stem" "explain") ("sem" "explain")]
         explain [2657,2663,0,0,alpha, ("wordcon" concept:"<name>") ("verb" 1) ("pos num" 1) ("pos" "_verb") ("stem" "explain")]
      \_ [2664,2664,0,0,white]
      _prep [2665,2666,51,1056,node, ("stem" "to") ("mypos" "TO")]
         to [2665,2666,0,0,alpha]
      \_ [2667,2667,0,0,white]
      _noun [2668,2678,53,2548,node, ("mypos" "NP") ("ne type" "location") ("ne type conf" 95) ("ne" 1) ("sem detail" "south korea") ("stem" "south korea") ("sem" "country")]
         _nounCountry [2668,2678,53,2548,node]
            South [2668,2672,0,0,alpha]
            \_ [2673,2673,0,0,white]
            Korea [2674,2678,0,0,alpha]
      \_ [2679,2679,0,0,white]
      _fnword [2680,2682,51,1185,node, ("mypos" "WRB")]
         _whword [2680,2682,51,1185,node]
            why [2680,2682,0,0,alpha]
      \_ [2683,2683,0,0,white]
      _np [2684,2685,51,135,node, ("mypos" 0) ("ignorepos" 1) ("bracket" 1) ("pro" 1) ("prosubj" 1) ("proobj" 1) ("stem" "it") ("sem" "it")]
         _noun [2684,2685,51,135,node, ("mypos" "PP")]
            _pro [2684,2685,51,135,node]
               _proSubj [2684,2685,51,135,node]
                  _proObj [2684,2685,51,135,node]
                     it [2684,2685,0,0,alpha]
      \_ [2686,2686,0,0,white]
      trusts [2687,2692,0,0,alpha, ("wordcon" concept:"<name>") ("noun" 1) ("verb" 1) ("pos num" 2) ("pos" "_verb") ("stem" "trust")]
      \n [2693,2693,0,0,white]
      Tokyo [2694,2698,0,0,alpha, ("cap" 1) ("unknown" 1)]
      , [2699,2699,0,0,punct]
      \_ [2700,2700,0,0,white]
      _fnword [2701,2703,51,1143,node, ("mypos" "CC")]
         but [2701,2703,0,0,alpha]
      \_ [2704,2704,0,0,white]
      _adv [2705,2707,51,625,node, ("neg" 1)]
         _neg [2705,2707,51,625,node]
            not [2705,2707,0,0,alpha]
      \_ [2708,2708,0,0,white]
      Seoul [2709,2713,0,0,alpha, ("cap" 1) ("unknown" 1)]
      , [2714,2714,0,0,punct]
      \_ [2715,2715,0,0,white]
      _prep [2716,2719,51,1067,node, ("stem" "with")]
         with [2716,2719,0,0,alpha]
      \_ [2720,2720,0,0,white]
      _noun [2721,2729,56,65,node, ("wordcon" concept:"<name>") ("noun" 1) ("pos num" 1) ("pos" "_noun") ("stem" "plutonium") ("sem" "plutonium") ("number" "singular")]
         plutonium [2721,2729,0,0,alpha, ("wordcon" concept:"<name>") ("noun" 1) ("pos num" 1) ("pos" "_noun") ("stem" "plutonium")]
      _qEOS [2730,2730,61,57,node,fired,blt]
         . [2730,2730,0,0,punct]
      \_ [2731,2731,0,0,white]
      _noun [2732,2736,40,37,node, ("sem detail" "usa") ("sem" "country") ("ne" 1) ("ne type" "location") ("ne type conf" 95) ("stem" "usa") ("country" "usa")]
         _nounCountry [2732,2736,40,37,node]
            U [2732,2732,0,0,alpha]
            . [2733,2733,0,0,punct]
            S [2734,2734,0,0,alpha]
            . [2735,2735,0,0,punct]
            \_ [2736,2736,0,0,white]
      _noun [2737,2742,56,65,node, ("wordcon" concept:"<name>") ("noun" 1) ("pos num" 1) ("pos" "_noun") ("stem" "policy") ("sem" "policy") ("number" "singular")]
         policy [2737,2742,0,0,alpha, ("wordcon" concept:"<name>") ("noun" 1) ("pos num" 1) ("pos" "_noun") ("stem" "policy")]
      \_ [2743,2743,0,0,white]
      _verb [2744,2751,56,65,node, ("wordcon" concept:"<name>") ("verb" 1) ("pos num" 1) ("pos" "_verb") ("stem" "suggest") ("sem" "suggest")]
         suggests [2744,2751,0,0,alpha, ("wordcon" concept:"<name>") ("verb" 1) ("pos num" 1) ("pos" "_verb") ("stem" "suggest")]
      \n [2752,2752,0,0,white]
      _fnword [2753,2756,51,1104,node, ("stem" "that")]
         that [2753,2756,0,0,alpha]
      \_ [2757,2757,0,0,white]
      NPT [2758,2760,0,0,alpha, ("cap" 1) ("unknown" 1)]
      \_ [2761,2761,0,0,white]
      _noun [2762,2771,56,65,node, ("wordcon" concept:"<name>") ("noun" 1) ("pos num" 1) ("pos" "_noun") ("stem" "membership") ("sem" "membership") ("number" "singular")]
         membership [2762,2771,0,0,alpha, ("wordcon" concept:"<name>") ("noun" 1) ("pos num" 1) ("pos" "_noun") ("stem" "membership")]
      \_ [2772,2772,0,0,white]
      _conj [2773,2775,51,1101,node, ("stem" "and")]
         and [2773,2775,0,0,alpha]
      \_ [2776,2776,0,0,white]
      IAEA [2777,2780,0,0,alpha, ("cap" 1) ("unknown" 1)]
      \_ [2781,2781,0,0,white]
      safeguards [2782,2791,0,0,alpha, ("wordcon" concept:"<name>") ("noun" 1) ("verb" 1) ("pos num" 2) ("pos" "_verb") ("stem" "safeguard")]
      \_ [2792,2792,0,0,white]
      _noun [2793,2802,56,65,node, ("wordcon" concept:"<name>") ("noun" 1) ("pos num" 1) ("pos" "_noun") ("stem" "compliance") ("sem" "compliance") ("number" "singular")]
         compliance [2793,2802,0,0,alpha, ("wordcon" concept:"<name>") ("noun" 1) ("pos num" 1) ("pos" "_noun") ("stem" "compliance")]
      \_ [2803,2803,0,0,white]
      _verb [2804,2806,51,217,node, ("person" "2s-123p") ("number" "2s-123p") ("tense" "present") ("sem" "be") ("stem" "be") ("mypos" "VBP") ("verb" 1)]
         _be [2804,2806,51,217,node]
            are [2804,2806,0,0,alpha]
      \_ [2807,2807,0,0,white]
      _det [2808,2810,51,280,node, ("number" "any") ("stem" "the") ("needs-np" 1)]
         the [2808,2810,0,0,alpha]
      \n [2811,2811,0,0,white]
      _adj [2812,2819,56,65,node, ("wordcon" concept:"<name>") ("adj" 1) ("pos num" 1) ("pos" "_adj") ("stem" "ultimate") ("sem" "ultimate")]
         ultimate [2812,2819,0,0,alpha, ("wordcon" concept:"<name>") ("adj" 1) ("pos num" 1) ("pos" "_adj") ("stem" "ultimate")]
      \_ [2820,2820,0,0,white]
      _noun [2821,2828,56,65,node, ("wordcon" concept:"<name>") ("noun" 1) ("pos num" 1) ("pos" "_noun") ("stem" "solution") ("sem" "solution") ("number" "singular")]
         solution [2821,2828,0,0,alpha, ("wordcon" concept:"<name>") ("noun" 1) ("pos num" 1) ("pos" "_noun") ("stem" "solution")]
      \_ [2829,2829,0,0,white]
      _prep [2830,2831,51,1056,node, ("stem" "to") ("mypos" "TO")]
         to [2830,2831,0,0,alpha]
      \_ [2832,2832,0,0,white]
      _det [2833,2835,51,280,node, ("number" "any") ("stem" "the") ("needs-np" 1)]
         the [2833,2835,0,0,alpha]
      \_ [2836,2836,0,0,white]
      Northeast [2837,2845,0,0,alpha, ("cap" 1) ("wordcon" concept:"<name>") ("noun" 1) ("adj" 1) ("adv" 1) ("pos num" 3) ("pos" "_adv") ("stem" "northeast")]
      \_ [2846,2846,0,0,white]
      _adj [2847,2851,53,2604,node, ("stem" "asian") ("sem detail" "asian") ("sem" "nationality") ("ne" 1) ("ne type" "location") ("ne type conf" 95) ("cap" 1) ("mypos" "NP")]
         _adjNation [2847,2851,53,2604,node]
            Asian [2847,2851,0,0,alpha]
      \_ [2852,2852,0,0,white]
      _noun [2853,2865,56,65,node, ("wordcon" concept:"<name>") ("noun" 1) ("pos num" 1) ("pos" "_noun") ("stem" "proliferation") ("sem" "proliferation") ("number" "singular")]
         proliferation [2853,2865,0,0,alpha, ("wordcon" concept:"<name>") ("noun" 1) ("pos num" 1) ("pos" "_noun") ("stem" "proliferation")]
      \n [2866,2866,0,0,white]
      _noun [2867,2873,56,65,node, ("wordcon" concept:"<name>") ("noun" 1) ("pos num" 1) ("pos" "_noun") ("stem" "problem") ("sem" "problem") ("number" "singular")]
         problem [2867,2873,0,0,alpha, ("wordcon" concept:"<name>") ("noun" 1) ("pos num" 1) ("pos" "_noun") ("stem" "problem")]
      _qEOS [2874,2875,41,135,node]
         . [2874,2874,0,0,punct]
         \_ [2875,2875,0,0,white]
      Absent [2876,2881,0,0,alpha, ("cap" 1) ("wordcon" concept:"<name>") ("verb" 1) ("adj" 1) ("pos num" 2) ("pos" "_adj") ("stem" "absent")]
      \_ [2882,2882,0,0,white]
      _det [2883,2885,51,280,node, ("number" "any") ("stem" "the") ("needs-np" 1)]
         the [2883,2885,0,0,alpha]
      \_ [2886,2886,0,0,white]
      _noun [2887,2897,56,65,node, ("wordcon" concept:"<name>") ("noun" 1) ("pos num" 1) ("pos" "_noun") ("stem" "elimination") ("sem" "elimination") ("number" "singular")]
         elimination [2887,2897,0,0,alpha, ("wordcon" concept:"<name>") ("noun" 1) ("pos num" 1) ("pos" "_noun") ("stem" "elimination")]
      \_ [2898,2898,0,0,white]
      _prep [2899,2900,51,1067,node, ("stem" "of")]
         of [2899,2900,0,0,alpha]
      \_ [2901,2901,0,0,white]
      _adj [2902,2906,56,65,node, ("wordcon" concept:"<name>") ("adj" 1) ("pos num" 1) ("pos" "_adj") ("stem" "civil") ("sem" "civil")]
         civil [2902,2906,0,0,alpha, ("wordcon" concept:"<name>") ("adj" 1) ("pos num" 1) ("pos" "_adj") ("stem" "civil")]
      \_ [2907,2907,0,0,white]
      _noun [2908,2916,56,65,node, ("wordcon" concept:"<name>") ("noun" 1) ("pos num" 1) ("pos" "_noun") ("stem" "plutonium") ("sem" "plutonium") ("number" "singular")]
         plutonium [2908,2916,0,0,alpha, ("wordcon" concept:"<name>") ("noun" 1) ("pos num" 1) ("pos" "_noun") ("stem" "plutonium")]
      , [2917,2917,0,0,punct]
      \n [2918,2918,0,0,white]
      _adv [2919,2925,51,1173,node, ("stem" "however")]
         _fnword [2919,2925,51,1173,node]
            however [2919,2925,0,0,alpha]
      , [2926,2926,0,0,punct]
      \_ [2927,2927,0,0,white]
      _det [2928,2931,51,306,node, ("number" "singular") ("stem" "this")]
         this [2928,2931,0,0,alpha]
      \_ [2932,2932,0,0,white]
      approach [2933,2940,0,0,alpha, ("wordcon" concept:"<name>") ("noun" 1) ("verb" 1) ("pos num" 2) ("pos" "_verb") ("stem" "approach")]
      \_ [2941,2941,0,0,white]
      _modal [2942,2944,51,522,node, ("mypos" "MD")]
         can [2942,2944,0,0,alpha]
      \_ [2945,2945,0,0,white]
      _adv [2946,2949,53,89,node, ("mypos" "RB")]
         only [2946,2949,0,0,alpha]
      \_ [2950,2950,0,0,white]
      serve [2951,2955,0,0,alpha, ("wordcon" concept:"<name>") ("noun" 1) ("verb" 1) ("pos num" 2) ("pos" "_verb") ("stem" "serve")]
      \_ [2956,2956,0,0,white]
      _prep [2957,2958,51,1056,node, ("stem" "to") ("mypos" "TO")]
         to [2957,2958,0,0,alpha]
      \_ [2959,2959,0,0,white]
      _verb [2960,2965,56,65,node, ("wordcon" concept:"<name>") ("verb" 1) ("pos num" 1) ("pos" "_verb") ("stem" "codify") ("sem" "codify")]
         codify [2960,2965,0,0,alpha, ("wordcon" concept:"<name>") ("verb" 1) ("pos num" 1) ("pos" "_verb") ("stem" "codify")]
      \_ [2966,2966,0,0,white]
      _det [2967,2969,51,280,node, ("number" "any") ("stem" "the") ("needs-np" 1)]
         the [2967,2969,0,0,alpha]
      \_ [2970,2970,0,0,white]
      _noun [2971,2977,56,65,node, ("wordcon" concept:"<name>") ("noun" 1) ("pos num" 1) ("pos" "_noun") ("stem" "problem") ("sem" "problem") ("number" "singular")]
         problem [2971,2977,0,0,alpha, ("wordcon" concept:"<name>") ("noun" 1) ("pos num" 1) ("pos" "_noun") ("stem" "problem")]
      \n [2978,2978,0,0,white]
      _prep [2979,2982,51,1067,node, ("stem" "with")]
         with [2979,2982,0,0,alpha]
      \_ [2983,2983,0,0,white]
      _det [2984,2985,51,297,node, ("number" "singular") ("needs-np" 1) ("stem" "an")]
         an [2984,2985,0,0,alpha]
      \_ [2986,2986,0,0,white]
      NPT [2987,2989,0,0,alpha, ("cap" 1) ("unknown" 1)]
      / [2990,2990,0,0,punct]
      \_ [2991,2991,0,0,white]
      IAEA [2992,2995,0,0,alpha, ("cap" 1) ("unknown" 1)]
      \_ [2996,2996,0,0,white]
      stamp [2997,3001,0,0,alpha, ("wordcon" concept:"<name>") ("noun" 1) ("verb" 1) ("pos num" 2) ("pos" "_verb") ("stem" "stamp")]
      \_ [3002,3002,0,0,white]
      _prep [3003,3004,51,1067,node, ("stem" "of")]
         of [3003,3004,0,0,alpha]
      \_ [3005,3005,0,0,white]
      _noun [3006,3013,56,65,node, ("wordcon" concept:"<name>") ("noun" 1) ("pos num" 1) ("pos" "_noun") ("stem" "approval") ("sem" "approval") ("number" "singular")]
         approval [3006,3013,0,0,alpha, ("wordcon" concept:"<name>") ("noun" 1) ("pos num" 1) ("pos" "_noun") ("stem" "approval")]
      _qEOS [3014,3015,41,151,node]
         . [3014,3014,0,0,punct]
         \n [3015,3015,0,0,white]
