
***************
    PASS 42 (punct200)
***************

PAT OUTPUT TREE:

_ROOT [0,3016,0,0,node,un]
   _TEXTZONE [1,56,33,16,node, ("line count" 1)]
      Clinton [1,7,0,0,alpha]
      \_ [8,8,0,0,white]
      Administration [9,22,0,0,alpha]
      \_ [23,23,0,0,white]
      Plutonium [24,32,0,0,alpha]
      \_ [33,33,0,0,white]
      Policy [34,39,0,0,alpha]
      \_ [40,40,0,0,white]
      and [41,43,0,0,alpha]
      \_ [44,44,0,0,white]
      North [45,49,0,0,alpha]
      \_ [50,50,0,0,white]
      Korea [51,55,0,0,alpha]
      \n [56,56,0,0,white]
   _TEXTZONE [58,959,33,16,node, ("line count" 16)]
      _noun [58,62,40,48,node, ("sem detail" "usa") ("sem" "country") ("ne" 1) ("ne type" "location") ("ne type conf" 95) ("stem" "usa") ("country" "usa")]
         _nounCountry [58,62,40,48,node]
            U [58,58,0,0,alpha]
            . [59,59,0,0,punct]
            S [60,60,0,0,alpha]
            . [61,61,0,0,punct]
            \_ [62,62,0,0,white]
      policy [63,68,0,0,alpha]
      \_ [69,69,0,0,white]
      on [70,71,0,0,alpha]
      \_ [72,72,0,0,white]
      the [73,75,0,0,alpha]
      \_ [76,76,0,0,white]
      use [77,79,0,0,alpha]
      \_ [80,80,0,0,white]
      of [81,82,0,0,alpha]
      \_ [83,83,0,0,white]
      plutonium [84,92,0,0,alpha]
      \_ [93,93,0,0,white]
      has [94,96,0,0,alpha]
      \_ [97,97,0,0,white]
      remained [98,105,0,0,alpha]
      \n [106,106,0,0,white]
      essentially [107,117,0,0,alpha]
      \_ [118,118,0,0,white]
      the [119,121,0,0,alpha]
      \_ [122,122,0,0,white]
      same [123,126,0,0,alpha]
      \_ [127,127,0,0,white]
      under [128,132,0,0,alpha]
      \_ [133,133,0,0,white]
      the [134,136,0,0,alpha]
      \_ [137,137,0,0,white]
      Reagan [138,143,0,0,alpha]
      , [144,144,0,0,punct]
      \_ [145,145,0,0,white]
      Bush [146,149,0,0,alpha]
      , [150,150,0,0,punct]
      \_ [151,151,0,0,white]
      and [152,154,0,0,alpha]
      \_ [155,155,0,0,white]
      Clinton [156,162,0,0,alpha]
      \n [163,163,0,0,white]
      administrations [164,178,0,0,alpha]
      _qEOS [179,179,41,185,node]
         : [179,179,0,0,punct]
      \_ [180,180,0,0,white]
      the [181,183,0,0,alpha]
      \_ [184,184,0,0,white]
      DPRK [185,188,0,0,alpha]
      \_ [189,189,0,0,white]
      and [190,192,0,0,alpha]
      \_ [193,193,0,0,white]
      South [194,198,0,0,alpha]
      \_ [199,199,0,0,white]
      Korea [200,204,0,0,alpha]
      \_ [205,205,0,0,white]
      must [206,209,0,0,alpha]
      \_ [210,210,0,0,white]
      renounce [211,218,0,0,alpha]
      \_ [219,219,0,0,white]
      all [220,222,0,0,alpha]
      \n [223,223,0,0,white]
      plutonium [224,232,0,0,alpha]
      , [233,233,0,0,punct]
      \_ [234,234,0,0,white]
      but [235,237,0,0,alpha]
      \_ [238,238,0,0,white]
      Japan [239,243,0,0,alpha]
      \_ [244,244,0,0,white]
      can [245,247,0,0,alpha]
      \_ [248,248,0,0,white]
      acquire [249,255,0,0,alpha]
      \_ [256,256,0,0,white]
      as [257,258,0,0,alpha]
      \_ [259,259,0,0,white]
      much [260,263,0,0,alpha]
      \_ [264,264,0,0,white]
      as [265,266,0,0,alpha]
      \_ [267,267,0,0,white]
      it [268,269,0,0,alpha]
      \_ [270,270,0,0,white]
      wants [271,275,0,0,alpha]
      \_ [276,276,0,0,white]
      from [277,280,0,0,alpha]
      \n [281,281,0,0,white]
      _noun [282,285,40,37,node, ("sem detail" "usa") ("sem" "country") ("ne" 1) ("ne type" "location") ("ne type conf" 95) ("stem" "usa") ("country" "usa")]
         _nounCountry [282,285,40,37,node]
            U [282,282,0,0,alpha]
            . [283,283,0,0,punct]
            S [284,284,0,0,alpha]
            . [285,285,0,0,punct]
      - [286,286,0,0,punct]
      supplied [287,294,0,0,alpha]
      \_ [295,295,0,0,white]
      nuclear [296,302,0,0,alpha]
      \_ [303,303,0,0,white]
      fuel [304,307,0,0,alpha]
      _qEOS [308,309,41,135,node]
         . [308,308,0,0,punct]
         \_ [309,309,0,0,white]
      This [310,313,0,0,alpha]
      \_ [314,314,0,0,white]
      discriminatory [315,328,0,0,alpha]
      \_ [329,329,0,0,white]
      approach [330,337,0,0,alpha]
      \n [338,338,0,0,white]
      was [339,341,0,0,alpha]
      \_ [342,342,0,0,white]
      reiterated [343,352,0,0,alpha]
      \_ [353,353,0,0,white]
      by [354,355,0,0,alpha]
      \_ [356,356,0,0,white]
      President [357,365,0,0,alpha]
      \_ [366,366,0,0,white]
      Clinton [367,373,0,0,alpha]
      , [374,374,0,0,punct]
      \_ [375,375,0,0,white]
      whose [376,380,0,0,alpha]
      \_ [381,381,0,0,white]
      nonproliferation [382,397,0,0,alpha]
      \n [398,398,0,0,white]
      policy [399,404,0,0,alpha]
      \_ [405,405,0,0,white]
      states [406,411,0,0,alpha]
      , [412,412,0,0,punct]
      \_ [413,413,0,0,white]
      " [414,414,0,0,punct]
      The [415,417,0,0,alpha]
      \_ [418,418,0,0,white]
      United [419,424,0,0,alpha]
      \_ [425,425,0,0,white]
      States [426,431,0,0,alpha]
      \_ [432,432,0,0,white]
      does [433,436,0,0,alpha]
      \_ [437,437,0,0,white]
      not [438,440,0,0,alpha]
      \_ [441,441,0,0,white]
      encourage [442,450,0,0,alpha]
      \_ [451,451,0,0,white]
      the [452,454,0,0,alpha]
      \n [455,455,0,0,white]
      civil [456,460,0,0,alpha]
      \_ [461,461,0,0,white]
      use [462,464,0,0,alpha]
      \_ [465,465,0,0,white]
      of [466,467,0,0,alpha]
      \_ [468,468,0,0,white]
      plutonium [469,477,0,0,alpha]
      \_ [478,478,0,0,white]
      and [479,481,0,0,alpha]
      , [482,482,0,0,punct]
      \_ [483,483,0,0,white]
      accordingly [484,494,0,0,alpha]
      , [495,495,0,0,punct]
      \_ [496,496,0,0,white]
      does [497,500,0,0,alpha]
      \_ [501,501,0,0,white]
      not [502,504,0,0,alpha]
      \_ [505,505,0,0,white]
      itself [506,511,0,0,alpha]
      \n [512,512,0,0,white]
      engage [513,518,0,0,alpha]
      \_ [519,519,0,0,white]
      in [520,521,0,0,alpha]
      \_ [522,522,0,0,white]
      plutonium [523,531,0,0,alpha]
      \_ [532,532,0,0,white]
      reprocessing [533,544,0,0,alpha]
      \_ [545,545,0,0,white]
      for [546,548,0,0,alpha]
      \_ [549,549,0,0,white]
      either [550,555,0,0,alpha]
      \_ [556,556,0,0,white]
      nuclear [557,563,0,0,alpha]
      \_ [564,564,0,0,white]
      power [565,569,0,0,alpha]
      \n [570,570,0,0,white]
      or [571,572,0,0,alpha]
      \_ [573,573,0,0,white]
      nuclear [574,580,0,0,alpha]
      \_ [581,581,0,0,white]
      explosive [582,590,0,0,alpha]
      \_ [591,591,0,0,white]
      purposes [592,599,0,0,alpha]
      _qEOS [600,601,41,135,node]
         . [600,600,0,0,punct]
         \_ [601,601,0,0,white]
      The [602,604,0,0,alpha]
      \_ [605,605,0,0,white]
      United [606,611,0,0,alpha]
      \_ [612,612,0,0,white]
      States [613,618,0,0,alpha]
      , [619,619,0,0,punct]
      \_ [620,620,0,0,white]
      however [621,627,0,0,alpha]
      , [628,628,0,0,punct]
      \n [629,629,0,0,white]
      will [630,633,0,0,alpha]
      \_ [634,634,0,0,white]
      maintain [635,642,0,0,alpha]
      \_ [643,643,0,0,white]
      its [644,646,0,0,alpha]
      \_ [647,647,0,0,white]
      existing [648,655,0,0,alpha]
      \_ [656,656,0,0,white]
      commitments [657,667,0,0,alpha]
      \_ [668,668,0,0,white]
      regarding [669,677,0,0,alpha]
      \_ [678,678,0,0,white]
      the [679,681,0,0,alpha]
      \_ [682,682,0,0,white]
      use [683,685,0,0,alpha]
      \_ [686,686,0,0,white]
      of [687,688,0,0,alpha]
      \n [689,689,0,0,white]
      plutonium [690,698,0,0,alpha]
      \_ [699,699,0,0,white]
      in [700,701,0,0,alpha]
      \_ [702,702,0,0,white]
      civil [703,707,0,0,alpha]
      \_ [708,708,0,0,white]
      nuclear [709,715,0,0,alpha]
      \_ [716,716,0,0,white]
      programs [717,724,0,0,alpha]
      \_ [725,725,0,0,white]
      in [726,727,0,0,alpha]
      \_ [728,728,0,0,white]
      Western [729,735,0,0,alpha]
      \_ [736,736,0,0,white]
      Europe [737,742,0,0,alpha]
      \_ [743,743,0,0,white]
      and [744,746,0,0,alpha]
      \n [747,747,0,0,white]
      Japan [748,752,0,0,alpha]
      " [753,753,0,0,punct]
      \_ [754,754,0,0,white]
      1341 [755,758,0,0,num]
      _qEOS [759,760,41,135,node]
         . [759,759,0,0,punct]
         \_ [760,760,0,0,white]
      ( [761,761,0,0,punct]
      At [762,763,0,0,alpha]
      \_ [764,764,0,0,white]
      the [765,767,0,0,alpha]
      \_ [768,768,0,0,white]
      same [769,772,0,0,alpha]
      \_ [773,773,0,0,white]
      time [774,777,0,0,alpha]
      , [778,778,0,0,punct]
      \_ [779,779,0,0,white]
      _noun [780,784,40,37,node, ("sem detail" "usa") ("sem" "country") ("ne" 1) ("ne type" "location") ("ne type conf" 95) ("stem" "usa") ("country" "usa")]
         _nounCountry [780,784,40,37,node]
            U [780,780,0,0,alpha]
            . [781,781,0,0,punct]
            S [782,782,0,0,alpha]
            . [783,783,0,0,punct]
            \_ [784,784,0,0,white]
      Energy [785,790,0,0,alpha]
      \_ [791,791,0,0,white]
      Secretary [792,800,0,0,alpha]
      \_ [801,801,0,0,white]
      Hazel [802,806,0,0,alpha]
      \n [807,807,0,0,white]
      O [808,808,0,0,alpha]
      Leary [810,814,0,0,alpha]
      \_ [815,815,0,0,white]
      has [816,818,0,0,alpha]
      \_ [819,819,0,0,white]
      launched [820,827,0,0,alpha]
      \_ [828,828,0,0,white]
      an [829,830,0,0,alpha]
      \_ [831,831,0,0,white]
      initiative [832,841,0,0,alpha]
      \_ [842,842,0,0,white]
      to [843,844,0,0,alpha]
      \_ [845,845,0,0,white]
      explore [846,852,0,0,alpha]
      \_ [853,853,0,0,white]
      alternatives [854,865,0,0,alpha]
      \n [866,866,0,0,white]
      to [867,868,0,0,alpha]
      \_ [869,869,0,0,white]
      reprocessing [870,881,0,0,alpha]
      \_ [882,882,0,0,white]
      and [883,885,0,0,alpha]
      \_ [886,886,0,0,white]
      has [887,889,0,0,alpha]
      \_ [890,890,0,0,white]
      expressed [891,899,0,0,alpha]
      \_ [900,900,0,0,white]
      her [901,903,0,0,alpha]
      \_ [904,904,0,0,white]
      opposition [905,914,0,0,alpha]
      \_ [915,915,0,0,white]
      to [916,917,0,0,alpha]
      \n [918,918,0,0,white]
      reprocessing [919,930,0,0,alpha]
      \_ [931,931,0,0,white]
      and [932,934,0,0,alpha]
      \_ [935,935,0,0,white]
      plutonium [936,944,0,0,alpha]
      \_ [945,945,0,0,white]
      fuel [946,949,0,0,alpha]
      \_ [950,950,0,0,white]
      cycles [951,956,0,0,alpha]
      _qEOS [957,957,41,175,node]
         . [957,957,0,0,punct]
      ) [958,958,0,0,punct]
      \n [959,959,0,0,white]
   _TEXTZONE [961,1623,33,16,node, ("line count" 12)]
      The [961,963,0,0,alpha]
      \_ [964,964,0,0,white]
      _noun [965,969,40,37,node, ("sem detail" "usa") ("sem" "country") ("ne" 1) ("ne type" "location") ("ne type conf" 95) ("stem" "usa") ("country" "usa")]
         _nounCountry [965,969,40,37,node]
            U [965,965,0,0,alpha]
            . [966,966,0,0,punct]
            S [967,967,0,0,alpha]
            . [968,968,0,0,punct]
            \_ [969,969,0,0,white]
      has [970,972,0,0,alpha]
      \_ [973,973,0,0,white]
      insisted [974,981,0,0,alpha]
      \_ [982,982,0,0,white]
      that [983,986,0,0,alpha]
      \_ [987,987,0,0,white]
      the [988,990,0,0,alpha]
      \_ [991,991,0,0,white]
      DPRK [992,995,0,0,alpha]
      \_ [996,996,0,0,white]
      give [997,1000,0,0,alpha]
      \_ [1001,1001,0,0,white]
      up [1002,1003,0,0,alpha]
      \_ [1004,1004,0,0,white]
      its [1005,1007,0,0,alpha]
      \n [1008,1008,0,0,white]
      reprocessing [1009,1020,0,0,alpha]
      \_ [1021,1021,0,0,white]
      plant [1022,1026,0,0,alpha]
      \_ [1027,1027,0,0,white]
      and [1028,1030,0,0,alpha]
      \_ [1031,1031,0,0,white]
      all [1032,1034,0,0,alpha]
      \_ [1035,1035,0,0,white]
      plutonium [1036,1044,0,0,alpha]
      \_ [1045,1045,0,0,white]
      ambitions [1046,1054,0,0,alpha]
      _qEOS [1055,1056,41,135,node]
         . [1055,1055,0,0,punct]
         \_ [1056,1056,0,0,white]
      South [1057,1061,0,0,alpha]
      \n [1062,1062,0,0,white]
      Korean [1063,1068,0,0,alpha]
      \_ [1069,1069,0,0,white]
      efforts [1070,1076,0,0,alpha]
      \_ [1077,1077,0,0,white]
      to [1078,1079,0,0,alpha]
      \_ [1080,1080,0,0,white]
      acquire [1081,1087,0,0,alpha]
      \_ [1088,1088,0,0,white]
      reprocessing [1089,1100,0,0,alpha]
      \_ [1101,1101,0,0,white]
      plants [1102,1107,0,0,alpha]
      , [1108,1108,0,0,punct]
      \_ [1109,1109,0,0,white]
      plutonium [1110,1118,0,0,alpha]
      \n [1119,1119,0,0,white]
      separation [1120,1129,0,0,alpha]
      \_ [1130,1130,0,0,white]
      technology [1131,1140,0,0,alpha]
      , [1141,1141,0,0,punct]
      \_ [1142,1142,0,0,white]
      and [1143,1145,0,0,alpha]
      \_ [1146,1146,0,0,white]
      related [1147,1153,0,0,alpha]
      \_ [1154,1154,0,0,white]
      technology [1155,1164,0,0,alpha]
      \_ [1165,1165,0,0,white]
      have [1166,1169,0,0,alpha]
      \_ [1170,1170,0,0,white]
      also [1171,1174,0,0,alpha]
      \n [1175,1175,0,0,white]
      been [1176,1179,0,0,alpha]
      \_ [1180,1180,0,0,white]
      quashed [1181,1187,0,0,alpha]
      \_ [1188,1188,0,0,white]
      by [1189,1190,0,0,alpha]
      \_ [1191,1191,0,0,white]
      firm [1192,1195,0,0,alpha]
      \_ [1196,1196,0,0,white]
      _noun [1197,1201,40,37,node, ("sem detail" "usa") ("sem" "country") ("ne" 1) ("ne type" "location") ("ne type conf" 95) ("stem" "usa") ("country" "usa")]
         _nounCountry [1197,1201,40,37,node]
            U [1197,1197,0,0,alpha]
            . [1198,1198,0,0,punct]
            S [1199,1199,0,0,alpha]
            . [1200,1200,0,0,punct]
            \_ [1201,1201,0,0,white]
      diplomacy [1202,1210,0,0,alpha]
      . [1211,1211,0,0,punct,fired]
      \_ [1212,1212,0,0,white]
      _noun [1213,1217,40,37,node, ("sem detail" "usa") ("sem" "country") ("ne" 1) ("ne type" "location") ("ne type conf" 95) ("stem" "usa") ("country" "usa")]
         _nounCountry [1213,1217,40,37,node]
            U [1213,1213,0,0,alpha]
            . [1214,1214,0,0,punct]
            S [1215,1215,0,0,alpha]
            . [1216,1216,0,0,punct]
            \_ [1217,1217,0,0,white]
      plutonium [1218,1226,0,0,alpha]
      \_ [1227,1227,0,0,white]
      policy [1228,1233,0,0,alpha]
      \n [1234,1234,0,0,white]
      toward [1235,1240,0,0,alpha]
      \_ [1241,1241,0,0,white]
      Japan [1242,1246,0,0,alpha]
      \_ [1247,1247,0,0,white]
      is [1248,1249,0,0,alpha]
      \_ [1250,1250,0,0,white]
      governed [1251,1258,0,0,alpha]
      \_ [1259,1259,0,0,white]
      by [1260,1261,0,0,alpha]
      \_ [1262,1262,0,0,white]
      the [1263,1265,0,0,alpha]
      \_ [1266,1266,0,0,white]
      1988 [1267,1270,0,0,num]
      \_ [1271,1271,0,0,white]
      revision [1272,1279,0,0,alpha]
      \_ [1280,1280,0,0,white]
      of [1281,1282,0,0,alpha]
      \_ [1283,1283,0,0,white]
      the [1284,1286,0,0,alpha]
      \n [1287,1287,0,0,white]
      _noun [1288,1291,40,37,node, ("sem detail" "usa") ("sem" "country") ("ne" 1) ("ne type" "location") ("ne type conf" 95) ("stem" "usa") ("country" "usa")]
         _nounCountry [1288,1291,40,37,node]
            U [1288,1288,0,0,alpha]
            . [1289,1289,0,0,punct]
            S [1290,1290,0,0,alpha]
            . [1291,1291,0,0,punct]
      - [1292,1292,0,0,punct]
      Japanese [1293,1300,0,0,alpha]
      \_ [1301,1301,0,0,white]
      nuclear [1302,1308,0,0,alpha]
      \_ [1309,1309,0,0,white]
      cooperation [1310,1320,0,0,alpha]
      \_ [1321,1321,0,0,white]
      agreement [1322,1330,0,0,alpha]
      \_ [1331,1331,0,0,white]
      that [1332,1335,0,0,alpha]
      \_ [1336,1336,0,0,white]
      gave [1337,1340,0,0,alpha]
      \_ [1341,1341,0,0,white]
      Japan [1342,1346,0,0,alpha]
      \n [1347,1347,0,0,white]
      advance [1348,1354,0,0,alpha]
      \_ [1355,1355,0,0,white]
      approval [1356,1363,0,0,alpha]
      \_ [1364,1364,0,0,white]
      to [1365,1366,0,0,alpha]
      \_ [1367,1367,0,0,white]
      reprocess [1368,1376,0,0,alpha]
      \_ [1377,1377,0,0,white]
      as [1378,1379,0,0,alpha]
      \_ [1380,1380,0,0,white]
      much [1381,1384,0,0,alpha]
      \_ [1385,1385,0,0,white]
      _noun [1386,1389,40,37,node, ("sem detail" "usa") ("sem" "country") ("ne" 1) ("ne type" "location") ("ne type conf" 95) ("stem" "usa") ("country" "usa")]
         _nounCountry [1386,1389,40,37,node]
            U [1386,1386,0,0,alpha]
            . [1387,1387,0,0,punct]
            S [1388,1388,0,0,alpha]
            . [1389,1389,0,0,punct]
      - [1390,1390,0,0,punct]
      origin [1391,1396,0,0,alpha]
      \_ [1397,1397,0,0,white]
      spent [1398,1402,0,0,alpha]
      \n [1403,1403,0,0,white]
      fuel [1404,1407,0,0,alpha]
      \_ [1408,1408,0,0,white]
      as [1409,1410,0,0,alpha]
      \_ [1411,1411,0,0,white]
      it [1412,1413,0,0,alpha]
      \_ [1414,1414,0,0,white]
      wants [1415,1419,0,0,alpha]
      \_ [1420,1420,0,0,white]
      over [1421,1424,0,0,alpha]
      \_ [1425,1425,0,0,white]
      a [1426,1426,0,0,alpha]
      \_ [1427,1427,0,0,white]
      30 [1428,1429,0,0,num]
      - [1430,1430,0,0,punct]
      year [1431,1434,0,0,alpha]
      \_ [1435,1435,0,0,white]
      period [1436,1441,0,0,alpha]
      \_ [1442,1442,0,0,white]
      [ [1443,1443,0,0,punct]
      35 [1444,1445,0,0,num]
      ] [1446,1446,0,0,punct]
      _qEOS [1447,1448,41,135,node]
         . [1447,1447,0,0,punct]
         \_ [1448,1448,0,0,white]
      The [1449,1451,0,0,alpha]
      \_ [1452,1452,0,0,white]
      previous [1453,1460,0,0,alpha]
      \n [1461,1461,0,0,white]
      agreement [1462,1470,0,0,alpha]
      , [1471,1471,0,0,punct]
      \_ [1472,1472,0,0,white]
      which [1473,1477,0,0,alpha]
      \_ [1478,1478,0,0,white]
      was [1479,1481,0,0,alpha]
      \_ [1482,1482,0,0,white]
      not [1483,1485,0,0,alpha]
      \_ [1486,1486,0,0,white]
      due [1487,1489,0,0,alpha]
      \_ [1490,1490,0,0,white]
      to [1491,1492,0,0,alpha]
      \_ [1493,1493,0,0,white]
      expire [1494,1499,0,0,alpha]
      \_ [1500,1500,0,0,white]
      until [1501,1505,0,0,alpha]
      \_ [1506,1506,0,0,white]
      2003 [1507,1510,0,0,num]
      , [1511,1511,0,0,punct]
      \n [1512,1512,0,0,white]
      empowered [1513,1521,0,0,alpha]
      \_ [1522,1522,0,0,white]
      the [1523,1525,0,0,alpha]
      \_ [1526,1526,0,0,white]
      _noun [1527,1531,40,37,node, ("sem detail" "usa") ("sem" "country") ("ne" 1) ("ne type" "location") ("ne type conf" 95) ("stem" "usa") ("country" "usa")]
         _nounCountry [1527,1531,40,37,node]
            U [1527,1527,0,0,alpha]
            . [1528,1528,0,0,punct]
            S [1529,1529,0,0,alpha]
            . [1530,1530,0,0,punct]
            \_ [1531,1531,0,0,white]
      to [1532,1533,0,0,alpha]
      \_ [1534,1534,0,0,white]
      decide [1535,1540,0,0,alpha]
      \_ [1541,1541,0,0,white]
      each [1542,1545,0,0,alpha]
      \_ [1546,1546,0,0,white]
      Japanese [1547,1554,0,0,alpha]
      \_ [1555,1555,0,0,white]
      request [1556,1562,0,0,alpha]
      \_ [1563,1563,0,0,white]
      for [1564,1566,0,0,alpha]
      \n [1567,1567,0,0,white]
      reprocessing [1568,1579,0,0,alpha]
      \_ [1580,1580,0,0,white]
      and [1581,1583,0,0,alpha]
      \_ [1584,1584,0,0,white]
      plutonium [1585,1593,0,0,alpha]
      \_ [1594,1594,0,0,white]
      use [1595,1597,0,0,alpha]
      \_ [1598,1598,0,0,white]
      on [1599,1600,0,0,alpha]
      \_ [1601,1601,0,0,white]
      a [1602,1602,0,0,alpha]
      \_ [1603,1603,0,0,white]
      _adj [1604,1610,41,375,node, ("hyphenated" 1) ("pos_np" "JJ")]
         case [1604,1607,0,0,alpha]
         - [1608,1608,0,0,punct]
         _adj [1609,1610,41,375,node]
            by [1609,1610,0,0,alpha]
      - [1611,1611,0,0,punct]
      case [1612,1615,0,0,alpha]
      \_ [1616,1616,0,0,white]
      basis [1617,1621,0,0,alpha]
      _qEOS [1622,1623,41,151,node]
         . [1622,1622,0,0,punct]
         \n [1623,1623,0,0,white]
   _TEXTZONE [1625,2359,33,16,node, ("line count" 13)]
      In [1625,1626,0,0,alpha]
      \_ [1627,1627,0,0,white]
      November [1628,1635,0,0,alpha]
      \_ [1636,1636,0,0,white]
      1991 [1637,1640,0,0,num]
      , [1641,1641,0,0,punct]
      \_ [1642,1642,0,0,white]
      while [1643,1647,0,0,alpha]
      \_ [1648,1648,0,0,white]
      the [1649,1651,0,0,alpha]
      \_ [1652,1652,0,0,white]
      _noun [1653,1663,41,375,node, ("mypos" "NP") ("hyphenated" 1) ("cap" 1) ("pos_np" "NP")]
         North [1653,1657,0,0,alpha]
         - [1658,1658,0,0,punct]
         _noun [1659,1663,41,375,node]
            South [1659,1663,0,0,alpha]
      \_ [1664,1664,0,0,white]
      Korean [1665,1670,0,0,alpha]
      \_ [1671,1671,0,0,white]
      bilateral [1672,1680,0,0,alpha]
      \n [1681,1681,0,0,white]
      denuclearization [1682,1697,0,0,alpha]
      \_ [1698,1698,0,0,white]
      agreement [1699,1707,0,0,alpha]
      \_ [1708,1708,0,0,white]
      was [1709,1711,0,0,alpha]
      \_ [1712,1712,0,0,white]
      being [1713,1717,0,0,alpha]
      \_ [1718,1718,0,0,white]
      negotiated [1719,1728,0,0,alpha]
      , [1729,1729,0,0,punct]
      \_ [1730,1730,0,0,white]
      then [1731,1734,0,0,alpha]
      - [1735,1735,0,0,punct]
      _noun [1736,1740,40,37,node, ("sem detail" "usa") ("sem" "country") ("ne" 1) ("ne type" "location") ("ne type conf" 95) ("stem" "usa") ("country" "usa")]
         _nounCountry [1736,1740,40,37,node]
            U [1736,1736,0,0,alpha]
            . [1737,1737,0,0,punct]
            S [1738,1738,0,0,alpha]
            . [1739,1739,0,0,punct]
            \n [1740,1740,0,0,white]
      Secretary [1741,1749,0,0,alpha]
      \_ [1750,1750,0,0,white]
      of [1751,1752,0,0,alpha]
      \_ [1753,1753,0,0,white]
      State [1754,1758,0,0,alpha]
      \_ [1759,1759,0,0,white]
      James [1760,1764,0,0,alpha]
      \_ [1765,1765,0,0,white]
      Baker [1766,1770,0,0,alpha]
      \_ [1771,1771,0,0,white]
      made [1772,1775,0,0,alpha]
      \_ [1776,1776,0,0,white]
      clear [1777,1781,0,0,alpha]
      \_ [1782,1782,0,0,white]
      that [1783,1786,0,0,alpha]
      \_ [1787,1787,0,0,white]
      prohibiting [1788,1798,0,0,alpha]
      \n [1799,1799,0,0,white]
      fuel [1800,1803,0,0,alpha]
      \_ [1804,1804,0,0,white]
      cycle [1805,1809,0,0,alpha]
      \_ [1810,1810,0,0,white]
      facilities [1811,1820,0,0,alpha]
      \_ [1821,1821,0,0,white]
      was [1822,1824,0,0,alpha]
      \_ [1825,1825,0,0,white]
      not [1826,1828,0,0,alpha]
      \_ [1829,1829,0,0,white]
      sufficient [1830,1839,0,0,alpha]
      , [1840,1840,0,0,punct]
      \_ [1841,1841,0,0,white]
      and [1842,1844,0,0,alpha]
      \_ [1845,1845,0,0,white]
      " [1846,1846,0,0,punct]
      the [1847,1849,0,0,alpha]
      \_ [1850,1850,0,0,white]
      only [1851,1854,0,0,alpha]
      \n [1855,1855,0,0,white]
      firm [1856,1859,0,0,alpha]
      \_ [1860,1860,0,0,white]
      assurance [1861,1869,0,0,alpha]
      \_ [1870,1870,0,0,white]
      against [1871,1877,0,0,alpha]
      \_ [1878,1878,0,0,white]
      a [1879,1879,0,0,alpha]
      \_ [1880,1880,0,0,white]
      nuclear [1881,1887,0,0,alpha]
      \_ [1888,1888,0,0,white]
      arms [1889,1892,0,0,alpha]
      \_ [1893,1893,0,0,white]
      race [1894,1897,0,0,alpha]
      \_ [1898,1898,0,0,white]
      in [1899,1900,0,0,alpha]
      \_ [1901,1901,0,0,white]
      the [1902,1904,0,0,alpha]
      \_ [1905,1905,0,0,white]
      Korean [1906,1911,0,0,alpha]
      \n [1912,1912,0,0,white]
      peninsula [1913,1921,0,0,alpha]
      \_ [1922,1922,0,0,white]
      would [1923,1927,0,0,alpha]
      \_ [1928,1928,0,0,white]
      be [1929,1930,0,0,alpha]
      \_ [1931,1931,0,0,white]
      a [1932,1932,0,0,alpha]
      \_ [1933,1933,0,0,white]
      credible [1934,1941,0,0,alpha]
      \_ [1942,1942,0,0,white]
      agreement [1943,1951,0,0,alpha]
      \_ [1952,1952,0,0,white]
      by [1953,1954,0,0,alpha]
      \_ [1955,1955,0,0,white]
      both [1956,1959,0,0,alpha]
      \_ [1960,1960,0,0,white]
      Seoul [1961,1965,0,0,alpha]
      \_ [1966,1966,0,0,white]
      and [1967,1969,0,0,alpha]
      \n [1970,1970,0,0,white]
      Pyongyang [1971,1979,0,0,alpha]
      \_ [1980,1980,0,0,white]
      to [1981,1982,0,0,alpha]
      \_ [1983,1983,0,0,white]
      abstain [1984,1990,0,0,alpha]
      \_ [1991,1991,0,0,white]
      from [1992,1995,0,0,alpha]
      \_ [1996,1996,0,0,white]
      the [1997,1999,0,0,alpha]
      \_ [2000,2000,0,0,white]
      production [2001,2010,0,0,alpha]
      \_ [2011,2011,0,0,white]
      or [2012,2013,0,0,alpha]
      \_ [2014,2014,0,0,white]
      acquisition [2015,2025,0,0,alpha]
      \_ [2026,2026,0,0,white]
      of [2027,2028,0,0,alpha]
      \n [2029,2029,0,0,white]
      any [2030,2032,0,0,alpha]
      \_ [2033,2033,0,0,white]
      _adj [2034,2046,41,375,node, ("hyphenated" 1) ("pos_np" "JJ")]
         weapons [2034,2040,0,0,alpha]
         - [2041,2041,0,0,punct]
         _adj [2042,2046,41,375,node]
            grade [2042,2046,0,0,alpha]
      \_ [2047,2047,0,0,white]
      nuclear [2048,2054,0,0,alpha]
      \_ [2055,2055,0,0,white]
      material [2056,2063,0,0,alpha]
      " [2064,2064,0,0,punct]
      \_ [2065,2065,0,0,white]
      [ [2066,2066,0,0,punct]
      emphasis [2067,2074,0,0,alpha]
      \_ [2075,2075,0,0,white]
      supplied [2076,2083,0,0,alpha]
      ] [2084,2084,0,0,punct]
      \n [2085,2085,0,0,white]
      [ [2086,2086,0,0,punct]
      36 [2087,2088,0,0,num]
      ] [2089,2089,0,0,punct]
      _qEOS [2090,2091,41,135,node]
         . [2090,2090,0,0,punct]
         \_ [2091,2091,0,0,white]
      It [2092,2093,0,0,alpha]
      \_ [2094,2094,0,0,white]
      is [2095,2096,0,0,alpha]
      \_ [2097,2097,0,0,white]
      significant [2098,2108,0,0,alpha]
      \_ [2109,2109,0,0,white]
      that [2110,2113,0,0,alpha]
      \_ [2114,2114,0,0,white]
      the [2115,2117,0,0,alpha]
      \_ [2118,2118,0,0,white]
      North [2119,2123,0,0,alpha]
      \_ [2124,2124,0,0,white]
      South [2125,2129,0,0,alpha]
      \_ [2130,2130,0,0,white]
      agreement [2131,2139,0,0,alpha]
      \n [2140,2140,0,0,white]
      included [2141,2148,0,0,alpha]
      \_ [2149,2149,0,0,white]
      a [2150,2150,0,0,alpha]
      \_ [2151,2151,0,0,white]
      ban [2152,2154,0,0,alpha]
      \_ [2155,2155,0,0,white]
      on [2156,2157,0,0,alpha]
      \_ [2158,2158,0,0,white]
      production [2159,2168,0,0,alpha]
      \_ [2169,2169,0,0,white]
      but [2170,2172,0,0,alpha]
      \_ [2173,2173,0,0,white]
      not [2174,2176,0,0,alpha]
      \_ [2177,2177,0,0,white]
      on [2178,2179,0,0,alpha]
      \_ [2180,2180,0,0,white]
      acquisition [2181,2191,0,0,alpha]
      \_ [2192,2192,0,0,white]
      of [2193,2194,0,0,alpha]
      \n [2195,2195,0,0,white]
      plutonium [2196,2204,0,0,alpha]
      _dbldash [2205,2208,40,278,node]
         \_ [2205,2205,0,0,white]
         - [2206,2206,0,0,punct]
         - [2207,2207,0,0,punct]
         \_ [2208,2208,0,0,white]
      thus [2209,2212,0,0,alpha]
      \_ [2213,2213,0,0,white]
      presumably [2214,2223,0,0,alpha]
      \_ [2224,2224,0,0,white]
      leaving [2225,2231,0,0,alpha]
      \_ [2232,2232,0,0,white]
      South [2233,2237,0,0,alpha]
      \_ [2238,2238,0,0,white]
      Korea [2239,2243,0,0,alpha]
      \_ [2244,2244,0,0,white]
      free [2245,2248,0,0,alpha]
      \_ [2249,2249,0,0,white]
      to [2250,2251,0,0,alpha]
      \n [2252,2252,0,0,white]
      seek [2253,2256,0,0,alpha]
      \_ [2257,2257,0,0,white]
      reprocessing [2258,2269,0,0,alpha]
      \_ [2270,2270,0,0,white]
      services [2271,2278,0,0,alpha]
      \_ [2279,2279,0,0,white]
      and [2280,2282,0,0,alpha]
      \_ [2283,2283,0,0,white]
      delivery [2284,2291,0,0,alpha]
      \_ [2292,2292,0,0,white]
      of [2293,2294,0,0,alpha]
      \_ [2295,2295,0,0,white]
      separated [2296,2304,0,0,alpha]
      \n [2305,2305,0,0,white]
      plutonium [2306,2314,0,0,alpha]
      \_ [2315,2315,0,0,white]
      from [2316,2319,0,0,alpha]
      \_ [2320,2320,0,0,white]
      the [2321,2323,0,0,alpha]
      \_ [2324,2324,0,0,white]
      _letabbr [2325,2328,40,223,node, ("cap" 1)]
         U [2325,2325,0,0,alpha]
         . [2326,2326,0,0,punct]
         K [2327,2327,0,0,alpha]
         . [2328,2328,0,0,punct]
      \_ [2329,2329,0,0,white]
      or [2330,2331,0,0,alpha]
      \_ [2332,2332,0,0,white]
      France [2333,2338,0,0,alpha]
      , [2339,2339,0,0,punct]
      \_ [2340,2340,0,0,white]
      as [2341,2342,0,0,alpha]
      \_ [2343,2343,0,0,white]
      Japan [2344,2348,0,0,alpha]
      \_ [2349,2349,0,0,white]
      has [2350,2352,0,0,alpha]
      \_ [2353,2353,0,0,white]
      done [2354,2357,0,0,alpha]
      _qEOS [2358,2359,41,151,node]
         . [2358,2358,0,0,punct]
         \n [2359,2359,0,0,white]
   _TEXTZONE [2361,3015,33,16,node, ("line count" 12)]
      The [2361,2363,0,0,alpha]
      \_ [2364,2364,0,0,white]
      present [2365,2371,0,0,alpha]
      \_ [2372,2372,0,0,white]
      _noun [2373,2377,40,37,node, ("sem detail" "usa") ("sem" "country") ("ne" 1) ("ne type" "location") ("ne type conf" 95) ("stem" "usa") ("country" "usa")]
         _nounCountry [2373,2377,40,37,node]
            U [2373,2373,0,0,alpha]
            . [2374,2374,0,0,punct]
            S [2375,2375,0,0,alpha]
            . [2376,2376,0,0,punct]
            \_ [2377,2377,0,0,white]
      discriminatory [2378,2391,0,0,alpha]
      \_ [2392,2392,0,0,white]
      policy [2393,2398,0,0,alpha]
      \_ [2399,2399,0,0,white]
      may [2400,2402,0,0,alpha]
      \_ [2403,2403,0,0,white]
      not [2404,2406,0,0,alpha]
      \_ [2407,2407,0,0,white]
      prove [2408,2412,0,0,alpha]
      \n [2413,2413,0,0,white]
      diplomatically [2414,2427,0,0,alpha]
      \_ [2428,2428,0,0,white]
      sustainable [2429,2439,0,0,alpha]
      _qEOS [2440,2441,41,135,node]
         . [2440,2440,0,0,punct]
         \_ [2441,2441,0,0,white]
      Japan [2442,2446,0,0,alpha]
      \_ [2447,2447,0,0,white]
      and [2448,2450,0,0,alpha]
      \_ [2451,2451,0,0,white]
      South [2452,2456,0,0,alpha]
      \_ [2457,2457,0,0,white]
      Korea [2458,2462,0,0,alpha]
      \_ [2463,2463,0,0,white]
      are [2464,2466,0,0,alpha]
      \n [2467,2467,0,0,white]
      democratic [2468,2477,0,0,alpha]
      \_ [2478,2478,0,0,white]
      governments [2479,2489,0,0,alpha]
      , [2490,2490,0,0,punct]
      \_ [2491,2491,0,0,white]
      they [2492,2495,0,0,alpha]
      \_ [2496,2496,0,0,white]
      are [2497,2499,0,0,alpha]
      \_ [2500,2500,0,0,white]
      NPT [2501,2503,0,0,alpha]
      \_ [2504,2504,0,0,white]
      members [2505,2511,0,0,alpha]
      \_ [2512,2512,0,0,white]
      with [2513,2516,0,0,alpha]
      \n [2517,2517,0,0,white]
      _adj [2518,2527,41,375,node, ("hyphenated" 1) ("pos_np" "JJ")]
         full [2518,2521,0,0,alpha]
         - [2522,2522,0,0,punct]
         _adj [2523,2527,41,375,node]
            scope [2523,2527,0,0,alpha]
      \_ [2528,2528,0,0,white]
      safeguards [2529,2538,0,0,alpha]
      , [2539,2539,0,0,punct]
      \_ [2540,2540,0,0,white]
      and [2541,2543,0,0,alpha]
      \_ [2544,2544,0,0,white]
      they [2545,2548,0,0,alpha]
      \_ [2549,2549,0,0,white]
      have [2550,2553,0,0,alpha]
      \_ [2554,2554,0,0,white]
      defense [2555,2561,0,0,alpha]
      \_ [2562,2562,0,0,white]
      treaties [2563,2570,0,0,alpha]
      \_ [2571,2571,0,0,white]
      with [2572,2575,0,0,alpha]
      \n [2576,2576,0,0,white]
      the [2577,2579,0,0,alpha]
      \_ [2580,2580,0,0,white]
      _noun [2581,2585,40,37,node, ("sem detail" "usa") ("sem" "country") ("ne" 1) ("ne type" "location") ("ne type conf" 95) ("stem" "usa") ("country" "usa")]
         _nounCountry [2581,2585,40,37,node]
            U [2581,2581,0,0,alpha]
            . [2582,2582,0,0,punct]
            S [2583,2583,0,0,alpha]
            . [2584,2584,0,0,punct]
            \_ [2585,2585,0,0,white]
      and [2586,2588,0,0,alpha]
      \_ [2589,2589,0,0,white]
      _adj [2590,2600,41,375,node, ("hyphenated" 1) ("pos_np" "JJ")]
         large [2590,2594,0,0,alpha]
         - [2595,2595,0,0,punct]
         _adj [2596,2600,41,375,node]
            scale [2596,2600,0,0,alpha]
      \_ [2601,2601,0,0,white]
      nuclear [2602,2608,0,0,alpha]
      \_ [2609,2609,0,0,white]
      power [2610,2614,0,0,alpha]
      \_ [2615,2615,0,0,white]
      programs [2616,2623,0,0,alpha]
      _qEOS [2624,2625,41,135,node]
         . [2624,2624,0,0,punct]
         \_ [2625,2625,0,0,white]
      The [2626,2628,0,0,alpha]
      \_ [2629,2629,0,0,white]
      _noun [2630,2634,40,37,node, ("sem detail" "usa") ("sem" "country") ("ne" 1) ("ne type" "location") ("ne type conf" 95) ("stem" "usa") ("country" "usa")]
         _nounCountry [2630,2634,40,37,node]
            U [2630,2630,0,0,alpha]
            . [2631,2631,0,0,punct]
            S [2632,2632,0,0,alpha]
            . [2633,2633,0,0,punct]
            \n [2634,2634,0,0,white]
      State [2635,2639,0,0,alpha]
      \_ [2640,2640,0,0,white]
      Department [2641,2650,0,0,alpha]
      \_ [2651,2651,0,0,white]
      must [2652,2655,0,0,alpha]
      \_ [2656,2656,0,0,white]
      explain [2657,2663,0,0,alpha]
      \_ [2664,2664,0,0,white]
      to [2665,2666,0,0,alpha]
      \_ [2667,2667,0,0,white]
      South [2668,2672,0,0,alpha]
      \_ [2673,2673,0,0,white]
      Korea [2674,2678,0,0,alpha]
      \_ [2679,2679,0,0,white]
      why [2680,2682,0,0,alpha]
      \_ [2683,2683,0,0,white]
      it [2684,2685,0,0,alpha]
      \_ [2686,2686,0,0,white]
      trusts [2687,2692,0,0,alpha]
      \n [2693,2693,0,0,white]
      Tokyo [2694,2698,0,0,alpha]
      , [2699,2699,0,0,punct]
      \_ [2700,2700,0,0,white]
      but [2701,2703,0,0,alpha]
      \_ [2704,2704,0,0,white]
      not [2705,2707,0,0,alpha]
      \_ [2708,2708,0,0,white]
      Seoul [2709,2713,0,0,alpha]
      , [2714,2714,0,0,punct]
      \_ [2715,2715,0,0,white]
      with [2716,2719,0,0,alpha]
      \_ [2720,2720,0,0,white]
      plutonium [2721,2729,0,0,alpha]
      . [2730,2730,0,0,punct,fired]
      \_ [2731,2731,0,0,white]
      _noun [2732,2736,40,37,node, ("sem detail" "usa") ("sem" "country") ("ne" 1) ("ne type" "location") ("ne type conf" 95) ("stem" "usa") ("country" "usa")]
         _nounCountry [2732,2736,40,37,node]
            U [2732,2732,0,0,alpha]
            . [2733,2733,0,0,punct]
            S [2734,2734,0,0,alpha]
            . [2735,2735,0,0,punct]
            \_ [2736,2736,0,0,white]
      policy [2737,2742,0,0,alpha]
      \_ [2743,2743,0,0,white]
      suggests [2744,2751,0,0,alpha]
      \n [2752,2752,0,0,white]
      that [2753,2756,0,0,alpha]
      \_ [2757,2757,0,0,white]
      NPT [2758,2760,0,0,alpha]
      \_ [2761,2761,0,0,white]
      membership [2762,2771,0,0,alpha]
      \_ [2772,2772,0,0,white]
      and [2773,2775,0,0,alpha]
      \_ [2776,2776,0,0,white]
      IAEA [2777,2780,0,0,alpha]
      \_ [2781,2781,0,0,white]
      safeguards [2782,2791,0,0,alpha]
      \_ [2792,2792,0,0,white]
      compliance [2793,2802,0,0,alpha]
      \_ [2803,2803,0,0,white]
      are [2804,2806,0,0,alpha]
      \_ [2807,2807,0,0,white]
      the [2808,2810,0,0,alpha]
      \n [2811,2811,0,0,white]
      ultimate [2812,2819,0,0,alpha]
      \_ [2820,2820,0,0,white]
      solution [2821,2828,0,0,alpha]
      \_ [2829,2829,0,0,white]
      to [2830,2831,0,0,alpha]
      \_ [2832,2832,0,0,white]
      the [2833,2835,0,0,alpha]
      \_ [2836,2836,0,0,white]
      Northeast [2837,2845,0,0,alpha]
      \_ [2846,2846,0,0,white]
      Asian [2847,2851,0,0,alpha]
      \_ [2852,2852,0,0,white]
      proliferation [2853,2865,0,0,alpha]
      \n [2866,2866,0,0,white]
      problem [2867,2873,0,0,alpha]
      _qEOS [2874,2875,41,135,node]
         . [2874,2874,0,0,punct]
         \_ [2875,2875,0,0,white]
      Absent [2876,2881,0,0,alpha]
      \_ [2882,2882,0,0,white]
      the [2883,2885,0,0,alpha]
      \_ [2886,2886,0,0,white]
      elimination [2887,2897,0,0,alpha]
      \_ [2898,2898,0,0,white]
      of [2899,2900,0,0,alpha]
      \_ [2901,2901,0,0,white]
      civil [2902,2906,0,0,alpha]
      \_ [2907,2907,0,0,white]
      plutonium [2908,2916,0,0,alpha]
      , [2917,2917,0,0,punct]
      \n [2918,2918,0,0,white]
      however [2919,2925,0,0,alpha]
      , [2926,2926,0,0,punct]
      \_ [2927,2927,0,0,white]
      this [2928,2931,0,0,alpha]
      \_ [2932,2932,0,0,white]
      approach [2933,2940,0,0,alpha]
      \_ [2941,2941,0,0,white]
      can [2942,2944,0,0,alpha]
      \_ [2945,2945,0,0,white]
      only [2946,2949,0,0,alpha]
      \_ [2950,2950,0,0,white]
      serve [2951,2955,0,0,alpha]
      \_ [2956,2956,0,0,white]
      to [2957,2958,0,0,alpha]
      \_ [2959,2959,0,0,white]
      codify [2960,2965,0,0,alpha]
      \_ [2966,2966,0,0,white]
      the [2967,2969,0,0,alpha]
      \_ [2970,2970,0,0,white]
      problem [2971,2977,0,0,alpha]
      \n [2978,2978,0,0,white]
      with [2979,2982,0,0,alpha]
      \_ [2983,2983,0,0,white]
      an [2984,2985,0,0,alpha]
      \_ [2986,2986,0,0,white]
      NPT [2987,2989,0,0,alpha]
      / [2990,2990,0,0,punct]
      \_ [2991,2991,0,0,white]
      IAEA [2992,2995,0,0,alpha]
      \_ [2996,2996,0,0,white]
      stamp [2997,3001,0,0,alpha]
      \_ [3002,3002,0,0,white]
      of [3003,3004,0,0,alpha]
      \_ [3005,3005,0,0,white]
      approval [3006,3013,0,0,alpha]
      _qEOS [3014,3015,41,151,node]
         . [3014,3014,0,0,punct]
         \n [3015,3015,0,0,white]
