
FINAL OUTPUT TREE:

_ROOT [0,99,0,0,node,un]
   _contactZone [0,57,177,32,node,un,fired,blt, ("addressParts" 1) ("nlines" 3) ("naddressparts" 2) ("first addressline" 2) ("last addressline" 3)]
      _LINE [0,16,4,26,node,un,fired,blt, ("nalpha" 14) ("walpha" 3) ("nwhite" 2) ("wcap" 2) ("nblobs" 3) ("nunknowns" 2) ("cap phrases" 2) ("hi class" "NULL") ("hi conf" 0) ("lineno" 1)]
         _Caps [0,4,131,121,node,un,fired,blt, ("len" 1) ("humannames" 1) ("end humanname" 1) ("start humanname" 1) ("caplen" 1) ("hi conf" 0) ("hi class" "NULL") ("ambigs" 0) ("city conf" 0) ("text" "David")]
            _humanNamepart [0,4,80,10,node,fired,blt]
               _maleName [0,4,80,10,node,fired,blt]
                  David [0,4,0,0,alpha]
         de [6,7,0,0,alpha]
         _Caps [9,15,131,121,node,un,fired,blt, ("len" 1) ("caplen" 1) ("unknowns" 1) ("hi conf" 55) ("hi class" "company") ("ambigs" 0) ("company conf" 55) ("city conf" 50) ("text" "Hilster")]
            Hilster [9,15,0,0,alpha, ("txt" "Hilster")]
      _addressBlock [17,57,234,18,node,fired,blt]
         _LINE [17,36,4,26,node,un,fired,blt, ("nnum" 5) ("wnum" 1) ("nwhite" 2) ("nalpha" 11) ("walpha" 2) ("npunct" 1) ("nblobs" 3) ("wcap" 2) ("nunknowns" 2) ("addressParts" 1) ("lineno" 2) ("naddressparts" 1)]
            _addressPart [17,34,163,14,node,fired,blt]
               _addressLine [17,34,103,160,node,fired,blt]
                  _streetNumber [17,21,103,2,node,fired,blt]
                     22936 [17,21,0,0,num]
                  \_ [22,22,0,0,white]
                  _streetName [23,31,103,2,node,fired,blt]
                     Ironwedge [23,31,0,0,alpha]
                  \_ [32,32,0,0,white]
                  _road [33,34,103,2,node,fired,blt]
                     _PostalRoad [33,34,67,10,node,fired,blt]
                        Dr [33,34,0,0,alpha]
            . [35,35,0,0,punct]
         _LINE [37,57,4,26,node,un,fired,blt, ("nalpha" 11) ("walpha" 3) ("nwhite" 3) ("npunct" 1) ("nnum" 5) ("wnum" 1) ("wcap" 3) ("nblobs" 4) ("wallcaps" 1) ("nunknowns" 3) ("addressParts" 1) ("lineno" 3) ("naddressparts" 1)]
            _addressPart [37,57,163,13,node,fired,blt]
               _cityStateZip [37,57,91,18,node,fired,blt]
                  _cityName [37,46,91,3,node,fired,blt]
                     _city [37,46,87,15,node,fired,blt]
                        _Caps [37,46,32,1093,node,fired,blt]
                           _cityPhrase [37,46,32,1093,node,fired,blt]
                              Boca [37,40,0,0,alpha]
                              \_ [41,41,0,0,white]
                              Raton [42,46,0,0,alpha]
                  , [47,47,0,0,punct]
                  \_ [48,48,0,0,white]
                  _stateName [49,50,91,3,node,fired,blt]
                     _state [49,50,88,15,node,fired,blt]
                        _PostalState [49,50,71,12,node,fired,blt]
                           _PostalUnit [49,50,66,10,node,fired,blt]
                              FL [49,50,0,0,alpha]
                  \_ [51,51,0,0,white]
                  _zipCode [52,56,91,3,node,fired,blt]
                     33433 [52,56,0,0,num]
                  \n [57,57,0,0,white]
   _experienceZone [58,99,176,21,node,un,fired,blt, ("nlines" 1)]
      _experienceInstance [58,99,188,12,node,fired,blt, ("company conf hi" 40) ("company name" "LexisNexis Jan")]
         _experienceBoundary [58,70,172,54,node,fired,blt]
            _BLANKLINE [58,58,4,20,node,fired,blt]
               \n [58,58,0,0,white]
            _LINE [59,69,4,26,node,un,fired,blt, ("nalpha" 10) ("walpha" 1) ("wcap" 1) ("nblobs" 1)]
               _experienceHeader [59,68,166,28,node,fired,blt]
                  _ExperienceHeaderPhrase [59,68,131,50,node,un,fired,blt, ("noglom" 1) ("len" 1) ("headerroots" 1) ("end headerroot" 1) ("caplen" 1) ("hi conf" 92) ("hi class" "header") ("ambigs" 1) ("header conf" 92) ("city conf" 0) ("end experience hdr" 1) ("experience hdrs" 1) ("hi hdr conf" 0) ("hi hdr class" "exp")]
                     _headerWord [59,68,54,12,node,fired,blt]
                        _ExperienceHeaderWord [59,68,54,12,node,fired,blt]
                           Experience [59,68,0,0,alpha]
            _BLANKLINE [70,70,4,20,node,fired,blt]
               \n [70,70,0,0,white]
         _LINE [71,98,4,26,node,un,fired,blt, ("nalpha" 20) ("walpha" 3) ("nwhite" 1) ("npunct" 2) ("nnum" 4) ("wnum" 1) ("wcap" 3) ("nblobs" 2) ("nunknowns" 2) ("cap phrases" 2) ("hi class" "NULL") ("hi conf" 0) ("lineno" 1)]
            _company [71,84,131,121,node,un,fired,blt, ("len" 2) ("caplen" 2) ("unknowns" 1) ("hi conf" 50) ("hi class" "company") ("ambigs" 0) ("company conf" 50) ("diff" 25) ("job conf" 0) ("humanname conf" 48) ("city conf" 30) ("text" "LexisNexis Jan") ("print1" 1) ("printy" 25) ("prox penalty" 25) ("job conf tot" 0) ("company conf tot" 40) ("tmp" 1)]
               LexisNexis [71,80,0,0,alpha, ("txt" "LexisNexis")]
               _monthWord [82,84,68,12,node,fired,blt]
                  Jan [82,84,0,0,alpha]
            - [85,85,0,0,punct]
            2015 [86,89,0,0,num]
            - [90,90,0,0,punct]
            _Caps [91,97,131,121,node,un,fired,blt, ("len" 1) ("caplen" 1) ("hi conf" 0) ("hi class" "NULL") ("ambigs" 0) ("city conf" 0) ("text" "Present") ("diff" 25) ("print1" 1) ("printy" 25) ("prox penalty" 25) ("job conf tot" 0) ("company conf tot" 0)]
               _Present [91,97,63,10,node,fired,blt]
                  Present [91,97,0,0,alpha]
         _BLANKLINE [99,99,4,20,node,fired,blt]
            \n [99,99,0,0,white]
